# github.com/luxfi/node
found packages main (convert_db_format.go) and node (tools.go) in /home/z/work/lux/node
FAIL	github.com/luxfi/node [setup failed]
# github.com/luxfi/node/tests/e2e
package github.com/luxfi/node/tests/e2e_test
	imports github.com/luxfi/node/tests/e2e/banff: build constraints exclude all Go files in /home/z/work/lux/node/tests/e2e/banff
FAIL	github.com/luxfi/node/tests/e2e [setup failed]
# github.com/luxfi/node/api/metrics [github.com/luxfi/node/api/metrics.test]
api/metrics/test_helpers_test.go:12:6: testGatherer redeclared in this block
	api/metrics/gatherer_test.go:17:6: other declaration of testGatherer
api/metrics/test_helpers_test.go:16:24: method testGatherer.Gather already declared at api/metrics/gatherer_test.go:22:24
?   	github.com/luxfi/node/api	[no test files]
ok  	github.com/luxfi/node/api/admin	0.089s
ok  	github.com/luxfi/node/api/auth	1.400s
ok  	github.com/luxfi/node/api/health	0.033s
ok  	github.com/luxfi/node/api/info	0.096s
?   	github.com/luxfi/node/api/ipcs	[no test files]
ok  	github.com/luxfi/node/api/keystore	1.071s
?   	github.com/luxfi/node/api/keystore/gkeystore	[no test files]
FAIL	github.com/luxfi/node/api/metrics [build failed]
ok  	github.com/luxfi/node/api/server	0.014s
?   	github.com/luxfi/node/app	[no test files]
ok  	github.com/luxfi/node/cache	0.005s
?   	github.com/luxfi/node/cache/cachetest	[no test files]
ok  	github.com/luxfi/node/cache/lru	0.006s
?   	github.com/luxfi/node/cache/metercacher	[no test files]
--- FAIL: TestQueueChainCreation (0.00s)
panic: runtime error: invalid memory address or nil pointer dereference [recovered]
	panic: runtime error: invalid memory address or nil pointer dereference
[signal SIGSEGV: segmentation violation code=0x1 addr=0x58 pc=0xba4816]

goroutine 62 [running]:
testing.tRunner.func1.2({0xd0bd40, 0x1695240})
	/usr/local/go/src/testing/testing.go:1734 +0x21c
testing.tRunner.func1()
	/usr/local/go/src/testing/testing.go:1737 +0x35e
panic({0xd0bd40?, 0x1695240?})
	/usr/local/go/src/runtime/panic.go:792 +0x132
github.com/luxfi/node/chains.(*manager).QueueChainCreation(0xc000dbf408, {{0xe9, 0x2, 0xa9, 0xa8, 0x66, 0x40, 0xbf, 0xdb, 0x1c, ...}, ...})
	/home/z/work/lux/node/chains/manager.go:354 +0x336
github.com/luxfi/node/chains.TestQueueChainCreation(0xc000582fc0)
	/home/z/work/lux/node/chains/manager_test.go:99 +0x607
testing.tRunner(0xc000582fc0, 0xe90f48)
	/usr/local/go/src/testing/testing.go:1792 +0xf4
created by testing.(*T).Run in goroutine 1
	/usr/local/go/src/testing/testing.go:1851 +0x413
FAIL	github.com/luxfi/node/chains	0.101s
ok  	github.com/luxfi/node/chains/atomic	0.007s
?   	github.com/luxfi/node/chains/atomic/gsharedmemory	[no test files]
?   	github.com/luxfi/node/cmd/check_vmid	[no test files]
?   	github.com/luxfi/node/cmd/extract_genesis	[no test files]
?   	github.com/luxfi/node/cmd/quick_check	[no test files]
?   	github.com/luxfi/node/codec	[no test files]
?   	github.com/luxfi/node/codec/hierarchycodec	[no test files]
?   	github.com/luxfi/node/codec/linearcodec	[no test files]
ok  	github.com/luxfi/node/codec/reflectcodec	0.005s
ok  	github.com/luxfi/node/config	0.190s
?   	github.com/luxfi/node/config/node	[no test files]
?   	github.com/luxfi/node/consensus	[no test files]
ok  	github.com/luxfi/node/consensus/bft	0.066s
ok  	github.com/luxfi/node/consensus/chain	1.032s
ok  	github.com/luxfi/node/consensus/chain/bootstrapper	0.012s
?   	github.com/luxfi/node/consensus/chain/chainmock	[no test files]
?   	github.com/luxfi/node/consensus/chain/chaintest	[no test files]
ok  	github.com/luxfi/node/consensus/chain/poll	0.015s
ok  	github.com/luxfi/node/consensus/choices	0.010s
ok  	github.com/luxfi/node/consensus/confidence	0.009s
?   	github.com/luxfi/node/consensus/consensustest	[no test files]
ok  	github.com/luxfi/node/consensus/engine/chain	0.091s
ok  	github.com/luxfi/node/consensus/engine/chain/ancestor	0.010s
ok  	github.com/luxfi/node/consensus/engine/chain/block	0.015s
?   	github.com/luxfi/node/consensus/engine/chain/block/blockmock	[no test files]
?   	github.com/luxfi/node/consensus/engine/chain/block/blocktest	[no test files]
ok  	github.com/luxfi/node/consensus/engine/chain/bootstrap	0.051s
ok  	github.com/luxfi/node/consensus/engine/chain/bootstrap/interval	0.015s
ok  	github.com/luxfi/node/consensus/engine/chain/getter	0.015s
ok  	github.com/luxfi/node/consensus/engine/chain/job	0.008s
ok  	github.com/luxfi/node/consensus/engine/chain/syncer	0.058s
ok  	github.com/luxfi/node/consensus/engine/core	0.237s
?   	github.com/luxfi/node/consensus/engine/core/appsender	[no test files]
?   	github.com/luxfi/node/consensus/engine/core/coremock	[no test files]
ok  	github.com/luxfi/node/consensus/engine/core/tracker	0.015s
?   	github.com/luxfi/node/consensus/engine/dag	[no test files]
ok  	github.com/luxfi/node/consensus/engine/dag/bootstrap	0.027s
ok  	github.com/luxfi/node/consensus/engine/dag/bootstrap/queue	0.030s
?   	github.com/luxfi/node/consensus/engine/dag/getter	[no test files]
ok  	github.com/luxfi/node/consensus/engine/dag/state	0.021s
ok  	github.com/luxfi/node/consensus/engine/dag/vertex	0.010s
ok  	github.com/luxfi/node/consensus/engine/dag/vertex/vertex_impl	0.012s
?   	github.com/luxfi/node/consensus/engine/dag/vertex/vertex_impl/vertexmock	[no test files]
?   	github.com/luxfi/node/consensus/engine/dag/vertex/vertex_impl/vertextest	[no test files]
?   	github.com/luxfi/node/consensus/engine/dag/vertex/vertexmock	[no test files]
?   	github.com/luxfi/node/consensus/engine/dag/vertex/vertextest	[no test files]
?   	github.com/luxfi/node/consensus/engine/enginetest	[no test files]
?   	github.com/luxfi/node/consensus/engine/graph	[no test files]
ok  	github.com/luxfi/node/consensus/engine/graph/bootstrap	0.028s
ok  	github.com/luxfi/node/consensus/engine/graph/bootstrap/queue	0.029s
?   	github.com/luxfi/node/consensus/engine/graph/getter	[no test files]
ok  	github.com/luxfi/node/consensus/engine/graph/state	0.014s
ok  	github.com/luxfi/node/consensus/engine/graph/vertex	0.010s
ok  	github.com/luxfi/node/consensus/engine/graph/vertex/vertex_impl	0.012s
?   	github.com/luxfi/node/consensus/engine/graph/vertex/vertex_impl/vertexmock	[no test files]
?   	github.com/luxfi/node/consensus/engine/graph/vertex/vertex_impl/vertextest	[no test files]
?   	github.com/luxfi/node/consensus/engine/graph/vertex/vertexmock	[no test files]
?   	github.com/luxfi/node/consensus/engine/graph/vertex/vertextest	[no test files]
?   	github.com/luxfi/node/consensus/factories	[no test files]
?   	github.com/luxfi/node/consensus/graph	[no test files]
ok  	github.com/luxfi/node/consensus/networking/benchlist	0.322s
ok  	github.com/luxfi/node/consensus/networking/handler	0.049s
?   	github.com/luxfi/node/consensus/networking/handler/handlermock	[no test files]
# github.com/luxfi/node/network/p2p [github.com/luxfi/node/network/p2p.test]
network/p2p/router.go:48:6: metrics already declared through import of package metrics ("github.com/luxfi/metric")
	network/p2p/network_test.go:11:2: other declaration of metrics
network/p2p/router.go:48:6: metrics already declared through import of package metrics ("github.com/luxfi/metric")
	network/p2p/peer_tracker_test.go:8:3: other declaration of metrics
network/p2p/router.go:48:6: metrics already declared through import of package metrics ("github.com/luxfi/metric")
	network/p2p/validators_test.go:11:3: other declaration of metrics
network/p2p/network_test.go:75:42: cannot use metrics.NewNoOpMetrics("test").Registry() (value of interface type "github.com/luxfi/metric".Registry) as prometheus.Registerer value in argument to NewNetwork: "github.com/luxfi/metric".Registry does not implement prometheus.Registerer (wrong type for method MustRegister)
		have MustRegister("github.com/luxfi/metric".Collector)
		want MustRegister(...prometheus.Collector)
network/p2p/network_test.go:110:42: cannot use metrics.NewNoOpMetrics("test").Registry() (value of interface type "github.com/luxfi/metric".Registry) as prometheus.Registerer value in argument to NewNetwork: "github.com/luxfi/metric".Registry does not implement prometheus.Registerer (wrong type for method MustRegister)
		have MustRegister("github.com/luxfi/metric".Collector)
		want MustRegister(...prometheus.Collector)
network/p2p/network_test.go:166:42: cannot use metrics.NewNoOpMetrics("test").Registry() (value of interface type "github.com/luxfi/metric".Registry) as prometheus.Registerer value in argument to NewNetwork: "github.com/luxfi/metric".Registry does not implement prometheus.Registerer (wrong type for method MustRegister)
		have MustRegister("github.com/luxfi/metric".Collector)
		want MustRegister(...prometheus.Collector)
network/p2p/network_test.go:205:42: cannot use metrics.NewNoOpMetrics("test").Registry() (value of interface type "github.com/luxfi/metric".Registry) as prometheus.Registerer value in argument to NewNetwork: "github.com/luxfi/metric".Registry does not implement prometheus.Registerer (wrong type for method MustRegister)
		have MustRegister("github.com/luxfi/metric".Collector)
		want MustRegister(...prometheus.Collector)
network/p2p/network_test.go:242:42: cannot use metrics.NewNoOpMetrics("test").Registry() (value of interface type "github.com/luxfi/metric".Registry) as prometheus.Registerer value in argument to NewNetwork: "github.com/luxfi/metric".Registry does not implement prometheus.Registerer (wrong type for method MustRegister)
		have MustRegister("github.com/luxfi/metric".Collector)
		want MustRegister(...prometheus.Collector)
network/p2p/network_test.go:272:42: cannot use metrics.NewNoOpMetrics("test").Registry() (value of interface type "github.com/luxfi/metric".Registry) as prometheus.Registerer value in argument to NewNetwork: "github.com/luxfi/metric".Registry does not implement prometheus.Registerer (wrong type for method MustRegister)
		have MustRegister("github.com/luxfi/metric".Collector)
		want MustRegister(...prometheus.Collector)
network/p2p/network_test.go:308:42: cannot use metrics.NewNoOpMetrics("test").Registry() (value of interface type "github.com/luxfi/metric".Registry) as prometheus.Registerer value in argument to NewNetwork: "github.com/luxfi/metric".Registry does not implement prometheus.Registerer (wrong type for method MustRegister)
		have MustRegister("github.com/luxfi/metric".Collector)
		want MustRegister(...prometheus.Collector)
network/p2p/network_test.go:308:42: too many errors
# github.com/luxfi/node/network/p2p/gossip [github.com/luxfi/node/network/p2p/gossip.test]
network/p2p/gossip/bloom_test.go:84:33: cannot use metrics.NewNoOpMetrics("test").Registry() (value of interface type "github.com/luxfi/metric".Registry) as prometheus.Registerer value in argument to NewBloomFilter: "github.com/luxfi/metric".Registry does not implement prometheus.Registerer (wrong type for method MustRegister)
		have MustRegister("github.com/luxfi/metric".Collector)
		want MustRegister(...prometheus.Collector)
network/p2p/gossip/gossip_test.go:109:64: cannot use metrics.NewNoOpMetrics("test").Registry() (value of interface type "github.com/luxfi/metric".Registry) as prometheus.Registerer value in argument to p2p.NewNetwork: "github.com/luxfi/metric".Registry does not implement prometheus.Registerer (wrong type for method MustRegister)
		have MustRegister("github.com/luxfi/metric".Collector)
		want MustRegister(...prometheus.Collector)
network/p2p/gossip/gossip_test.go:112:41: cannot use metrics.NewNoOpMetrics("test").Registry() (value of interface type "github.com/luxfi/metric".Registry) as prometheus.Registerer value in argument to NewBloomFilter: "github.com/luxfi/metric".Registry does not implement prometheus.Registerer (wrong type for method MustRegister)
		have MustRegister("github.com/luxfi/metric".Collector)
		want MustRegister(...prometheus.Collector)
network/p2p/gossip/gossip_test.go:122:31: cannot use metrics.NewNoOpMetrics("test").Registry() (value of interface type "github.com/luxfi/metric".Registry) as prometheus.Registerer value in argument to NewMetrics: "github.com/luxfi/metric".Registry does not implement prometheus.Registerer (wrong type for method MustRegister)
		have MustRegister("github.com/luxfi/metric".Collector)
		want MustRegister(...prometheus.Collector)
network/p2p/gossip/gossip_test.go:139:70: metrics.NewNoOpMetrics undefined (type Metrics has no field or method NewNoOpMetrics)
network/p2p/gossip/gossip_test.go:143:41: metrics.NewNoOpMetrics undefined (type Metrics has no field or method NewNoOpMetrics)
network/p2p/gossip/gossip_test.go:517:5: cannot use metrics.NewNoOpMetrics("test").Registry() (value of interface type "github.com/luxfi/metric".Registry) as prometheus.Registerer value in argument to p2p.NewNetwork: "github.com/luxfi/metric".Registry does not implement prometheus.Registerer (wrong type for method MustRegister)
		have MustRegister("github.com/luxfi/metric".Collector)
		want MustRegister(...prometheus.Collector)
network/p2p/gossip/gossip_test.go:536:31: cannot use metrics.NewNoOpMetrics("test").Registry() (value of interface type "github.com/luxfi/metric".Registry) as prometheus.Registerer value in argument to NewMetrics: "github.com/luxfi/metric".Registry does not implement prometheus.Registerer (wrong type for method MustRegister)
		have MustRegister("github.com/luxfi/metric".Collector)
		want MustRegister(...prometheus.Collector)
# github.com/luxfi/node/network/throttling [github.com/luxfi/node/network/throttling.test]
network/throttling/bandwidth_throttler_test.go:28:51: cannot use metrics.NewNoOpMetrics("test").Registry() (value of interface type "github.com/luxfi/metric".Registry) as prometheus.Registerer value in argument to newBandwidthThrottler: "github.com/luxfi/metric".Registry does not implement prometheus.Registerer (wrong type for method MustRegister)
		have MustRegister("github.com/luxfi/metric".Collector)
		want MustRegister(...prometheus.Collector)
network/throttling/inbound_msg_buffer_throttler_test.go:19:49: cannot use metrics.NewNoOpMetrics("test").Registry() (value of interface type "github.com/luxfi/metric".Registry) as prometheus.Registerer value in argument to newInboundMsgBufferThrottler: "github.com/luxfi/metric".Registry does not implement prometheus.Registerer (wrong type for method MustRegister)
		have MustRegister("github.com/luxfi/metric".Collector)
		want MustRegister(...prometheus.Collector)
network/throttling/inbound_msg_buffer_throttler_test.go:71:49: cannot use metrics.NewNoOpMetrics("test").Registry() (value of interface type "github.com/luxfi/metric".Registry) as prometheus.Registerer value in argument to newInboundMsgBufferThrottler: "github.com/luxfi/metric".Registry does not implement prometheus.Registerer (wrong type for method MustRegister)
		have MustRegister("github.com/luxfi/metric".Collector)
		want MustRegister(...prometheus.Collector)
network/throttling/inbound_msg_byte_throttler_test.go:32:3: cannot use metrics.NewNoOpMetrics("test").Registry() (value of interface type "github.com/luxfi/metric".Registry) as prometheus.Registerer value in argument to newInboundMsgByteThrottler: "github.com/luxfi/metric".Registry does not implement prometheus.Registerer (wrong type for method MustRegister)
		have MustRegister("github.com/luxfi/metric".Collector)
		want MustRegister(...prometheus.Collector)
network/throttling/inbound_msg_byte_throttler_test.go:61:3: cannot use metrics.NewNoOpMetrics("test").Registry() (value of interface type "github.com/luxfi/metric".Registry) as prometheus.Registerer value in argument to newInboundMsgByteThrottler: "github.com/luxfi/metric".Registry does not implement prometheus.Registerer (wrong type for method MustRegister)
		have MustRegister("github.com/luxfi/metric".Collector)
		want MustRegister(...prometheus.Collector)
network/throttling/inbound_msg_byte_throttler_test.go:118:3: cannot use metrics.NewNoOpMetrics("test").Registry() (value of interface type "github.com/luxfi/metric".Registry) as prometheus.Registerer value in argument to newInboundMsgByteThrottler: "github.com/luxfi/metric".Registry does not implement prometheus.Registerer (wrong type for method MustRegister)
		have MustRegister("github.com/luxfi/metric".Collector)
		want MustRegister(...prometheus.Collector)
network/throttling/inbound_msg_byte_throttler_test.go:332:3: cannot use metrics.NewNoOpMetrics("test").Registry() (value of interface type "github.com/luxfi/metric".Registry) as prometheus.Registerer value in argument to newInboundMsgByteThrottler: "github.com/luxfi/metric".Registry does not implement prometheus.Registerer (wrong type for method MustRegister)
		have MustRegister("github.com/luxfi/metric".Collector)
		want MustRegister(...prometheus.Collector)
network/throttling/inbound_msg_byte_throttler_test.go:382:3: cannot use metrics.NewNoOpMetrics("test").Registry() (value of interface type "github.com/luxfi/metric".Registry) as prometheus.Registerer value in argument to newInboundMsgByteThrottler: "github.com/luxfi/metric".Registry does not implement prometheus.Registerer (wrong type for method MustRegister)
		have MustRegister("github.com/luxfi/metric".Collector)
		want MustRegister(...prometheus.Collector)
network/throttling/inbound_resource_throttler_test.go:28:53: cannot use reg (variable of interface type "github.com/luxfi/metric".Registry) as prometheus.Registerer value in argument to tracker.NewResourceTracker: "github.com/luxfi/metric".Registry does not implement prometheus.Registerer (wrong type for method MustRegister)
		have MustRegister("github.com/luxfi/metric".Collector)
		want MustRegister(...prometheus.Collector)
network/throttling/inbound_resource_throttler_test.go:37:47: cannot use reg (variable of interface type "github.com/luxfi/metric".Registry) as prometheus.Registerer value in argument to NewSystemThrottler: "github.com/luxfi/metric".Registry does not implement prometheus.Registerer (wrong type for method MustRegister)
		have MustRegister("github.com/luxfi/metric".Collector)
		want MustRegister(...prometheus.Collector)
network/throttling/inbound_resource_throttler_test.go:37:47: too many errors
# github.com/luxfi/node/network/peer [github.com/luxfi/node/network/peer.test]
network/peer/gossip_tracker_test.go:70:31: cannot use metrics.NewNoOpMetrics("test").Registry() (value of interface type "github.com/luxfi/metric".Registry) as prometheus.Registerer value in argument to NewGossipTracker: "github.com/luxfi/metric".Registry does not implement prometheus.Registerer (wrong type for method MustRegister)
		have MustRegister("github.com/luxfi/metric".Collector)
		want MustRegister(...prometheus.Collector)
network/peer/gossip_tracker_test.go:106:31: cannot use metrics.NewNoOpMetrics("test").Registry() (value of interface type "github.com/luxfi/metric".Registry) as prometheus.Registerer value in argument to NewGossipTracker: "github.com/luxfi/metric".Registry does not implement prometheus.Registerer (wrong type for method MustRegister)
		have MustRegister("github.com/luxfi/metric".Collector)
		want MustRegister(...prometheus.Collector)
network/peer/gossip_tracker_test.go:153:31: cannot use metrics.NewNoOpMetrics("test").Registry() (value of interface type "github.com/luxfi/metric".Registry) as prometheus.Registerer value in argument to NewGossipTracker: "github.com/luxfi/metric".Registry does not implement prometheus.Registerer (wrong type for method MustRegister)
		have MustRegister("github.com/luxfi/metric".Collector)
		want MustRegister(...prometheus.Collector)
network/peer/gossip_tracker_test.go:215:31: cannot use metrics.NewNoOpMetrics("test").Registry() (value of interface type "github.com/luxfi/metric".Registry) as prometheus.Registerer value in argument to NewGossipTracker: "github.com/luxfi/metric".Registry does not implement prometheus.Registerer (wrong type for method MustRegister)
		have MustRegister("github.com/luxfi/metric".Collector)
		want MustRegister(...prometheus.Collector)
network/peer/gossip_tracker_test.go:256:31: cannot use metrics.NewNoOpMetrics("test").Registry() (value of interface type "github.com/luxfi/metric".Registry) as prometheus.Registerer value in argument to NewGossipTracker: "github.com/luxfi/metric".Registry does not implement prometheus.Registerer (wrong type for method MustRegister)
		have MustRegister("github.com/luxfi/metric".Collector)
		want MustRegister(...prometheus.Collector)
network/peer/gossip_tracker_test.go:297:31: cannot use metrics.NewNoOpMetrics("test").Registry() (value of interface type "github.com/luxfi/metric".Registry) as prometheus.Registerer value in argument to NewGossipTracker: "github.com/luxfi/metric".Registry does not implement prometheus.Registerer (wrong type for method MustRegister)
		have MustRegister("github.com/luxfi/metric".Collector)
		want MustRegister(...prometheus.Collector)
network/peer/gossip_tracker_test.go:387:31: cannot use metrics.NewNoOpMetrics("test").Registry() (value of interface type "github.com/luxfi/metric".Registry) as prometheus.Registerer value in argument to NewGossipTracker: "github.com/luxfi/metric".Registry does not implement prometheus.Registerer (wrong type for method MustRegister)
		have MustRegister("github.com/luxfi/metric".Collector)
		want MustRegister(...prometheus.Collector)
network/peer/gossip_tracker_test.go:461:31: cannot use metrics.NewNoOpMetrics("test").Registry() (value of interface type "github.com/luxfi/metric".Registry) as prometheus.Registerer value in argument to NewGossipTracker: "github.com/luxfi/metric".Registry does not implement prometheus.Registerer (wrong type for method MustRegister)
		have MustRegister("github.com/luxfi/metric".Collector)
		want MustRegister(...prometheus.Collector)
network/peer/gossip_tracker_test.go:489:29: cannot use metrics.NewNoOpMetrics("test").Registry() (value of interface type "github.com/luxfi/metric".Registry) as prometheus.Registerer value in argument to NewGossipTracker: "github.com/luxfi/metric".Registry does not implement prometheus.Registerer (wrong type for method MustRegister)
		have MustRegister("github.com/luxfi/metric".Collector)
		want MustRegister(...prometheus.Collector)
network/peer/gossip_tracker_test.go:610:29: cannot use metrics.NewNoOpMetrics("test").Registry() (value of interface type "github.com/luxfi/metric".Registry) as prometheus.Registerer value in argument to NewGossipTracker: "github.com/luxfi/metric".Registry does not implement prometheus.Registerer (wrong type for method MustRegister)
		have MustRegister("github.com/luxfi/metric".Collector)
		want MustRegister(...prometheus.Collector)
network/peer/gossip_tracker_test.go:610:29: too many errors
# github.com/luxfi/node/network [github.com/luxfi/node/network.test]
network/example_test.go:109:15: cannot use func() {â€¦} (value of type func()) as string value in argument to log.Error
ok  	github.com/luxfi/node/consensus/networking/router	3.106s
?   	github.com/luxfi/node/consensus/networking/router/routermock	[no test files]
ok  	github.com/luxfi/node/consensus/networking/sender	0.204s
?   	github.com/luxfi/node/consensus/networking/sender/sendermock	[no test files]
?   	github.com/luxfi/node/consensus/networking/sender/sendertest	[no test files]
ok  	github.com/luxfi/node/consensus/networking/timeout	0.016s
?   	github.com/luxfi/node/consensus/networking/timeout/timeoutmock	[no test files]
ok  	github.com/luxfi/node/consensus/networking/tracker	0.018s
?   	github.com/luxfi/node/consensus/networking/tracker/trackermock	[no test files]
ok  	github.com/luxfi/node/consensus/sampling	0.740s
ok  	github.com/luxfi/node/consensus/threshold	0.008s
ok  	github.com/luxfi/node/consensus/uptime	0.008s
?   	github.com/luxfi/node/consensus/uptime/uptimemock	[no test files]
ok  	github.com/luxfi/node/consensus/validators	0.022s
ok  	github.com/luxfi/node/consensus/validators/gvalidators	0.029s
?   	github.com/luxfi/node/consensus/validators/validatorsmock	[no test files]
?   	github.com/luxfi/node/consensus/validators/validatorstest	[no test files]
?   	github.com/luxfi/node/db/rpcdb	[no test files]
?   	github.com/luxfi/node/evm/common	[no test files]
?   	github.com/luxfi/node/evm/common/math	[no test files]
?   	github.com/luxfi/node/evm/core	[no test files]
?   	github.com/luxfi/node/evm/ethclient	[no test files]
ok  	github.com/luxfi/node/gas	0.009s
--- FAIL: TestValidateConfig (0.00s)
    --- FAIL: TestValidateConfig/mainnet (0.00s)
        genesis_test.go:174: 
            	Error Trace:	/home/z/work/lux/node/genesis/genesis_test.go:174
            	Error:      	Target error should be in err chain:
            	            	expected: ""
            	            	in chain: "conflicting networkIDs: expected 1 but config contains 96369"
            	            		"conflicting networkIDs"
            	Test:       	TestValidateConfig/mainnet
--- FAIL: TestGenesis (0.01s)
    --- FAIL: TestGenesis/mainnet (0.00s)
        genesis_test.go:376: 
            	Error Trace:	/home/z/work/lux/node/genesis/genesis_test.go:376
            	Error:      	Not equal: 
            	            	expected: "2MQUiaRTcXD7T6swZRL1xcNKZm4zsEGBGZBfA2rJBXDLCNu4wb"
            	            	actual  : "2RubAfTujLNUutcbtqsjpvfcHnvCbDrcH9ido9EbdJkYeYnWgE"
            	            	
            	            	Diff:
            	            	--- Expected
            	            	+++ Actual
            	            	@@ -1 +1 @@
            	            	-2MQUiaRTcXD7T6swZRL1xcNKZm4zsEGBGZBfA2rJBXDLCNu4wb
            	            	+2RubAfTujLNUutcbtqsjpvfcHnvCbDrcH9ido9EbdJkYeYnWgE
            	Test:       	TestGenesis/mainnet
    --- FAIL: TestGenesis/local (0.00s)
        genesis_test.go:376: 
            	Error Trace:	/home/z/work/lux/node/genesis/genesis_test.go:376
            	Error:      	Not equal: 
            	            	expected: "enryPVr4JS8GEgi76sMNW9zTx6V6RUFn8YJLhK2ErN4wVEsTB"
            	            	actual  : "2ASgccyNavJxfhGkfb5d3Xt6QyKJmU6YabQnK1dd4Noei1XqBH"
            	            	
            	            	Diff:
            	            	--- Expected
            	            	+++ Actual
            	            	@@ -1 +1 @@
            	            	-enryPVr4JS8GEgi76sMNW9zTx6V6RUFn8YJLhK2ErN4wVEsTB
            	            	+2ASgccyNavJxfhGkfb5d3Xt6QyKJmU6YabQnK1dd4Noei1XqBH
            	Test:       	TestGenesis/local
--- FAIL: TestVMGenesis (0.03s)
    --- FAIL: TestVMGenesis/mainnet-jvYyfQTxGMJLuGWa55kdP2p2zSUYsQ5Raupu4TW34ZAUBAbtq (0.00s)
        genesis_test.go:447: 
            	Error Trace:	/home/z/work/lux/node/genesis/genesis_test.go:447
            	Error:      	Not equal: 
            	            	expected: "2CK9qd4C2xWQR8pPQddDDCPEh4pufyjbddTftMRkuxGs4MYxNA"
            	            	actual  : "oBNAjGCioVdXmQqUqXtgaRNJgz8ZDp1qejpY6gwN6Ddct1xgx"
            	            	
            	            	Diff:
            	            	--- Expected
            	            	+++ Actual
            	            	@@ -1 +1 @@
            	            	-2CK9qd4C2xWQR8pPQddDDCPEh4pufyjbddTftMRkuxGs4MYxNA
            	            	+oBNAjGCioVdXmQqUqXtgaRNJgz8ZDp1qejpY6gwN6Ddct1xgx
            	Test:       	TestVMGenesis/mainnet-jvYyfQTxGMJLuGWa55kdP2p2zSUYsQ5Raupu4TW34ZAUBAbtq
            	Messages:   	jvYyfQTxGMJLuGWa55kdP2p2zSUYsQ5Raupu4TW34ZAUBAbtq genesisID with networkID 96369 mismatch
    --- FAIL: TestVMGenesis/mainnet-mgj786NP7uDwBCcq6YwThhaN8FLyybkCa4zBWTQbNgmK6k9A6 (0.00s)
        genesis_test.go:447: 
            	Error Trace:	/home/z/work/lux/node/genesis/genesis_test.go:447
            	Error:      	Not equal: 
            	            	expected: "nXTRvuviB33V53LQLyPdiZerLb4ApBD9xZ9pAqs5abMW8WTSr"
            	            	actual  : "EWi9aPkGe6EfJ3SobCAmSUXRPLa4brF3cThwPwmHTrD1y13jy"
            	            	
            	            	Diff:
            	            	--- Expected
            	            	+++ Actual
            	            	@@ -1 +1 @@
            	            	-nXTRvuviB33V53LQLyPdiZerLb4ApBD9xZ9pAqs5abMW8WTSr
            	            	+EWi9aPkGe6EfJ3SobCAmSUXRPLa4brF3cThwPwmHTrD1y13jy
            	Test:       	TestVMGenesis/mainnet-mgj786NP7uDwBCcq6YwThhaN8FLyybkCa4zBWTQbNgmK6k9A6
            	Messages:   	mgj786NP7uDwBCcq6YwThhaN8FLyybkCa4zBWTQbNgmK6k9A6 genesisID with networkID 96369 mismatch
    --- FAIL: TestVMGenesis/local-jvYyfQTxGMJLuGWa55kdP2p2zSUYsQ5Raupu4TW34ZAUBAbtq (0.00s)
        genesis_test.go:447: 
            	Error Trace:	/home/z/work/lux/node/genesis/genesis_test.go:447
            	Error:      	Not equal: 
            	            	expected: "2kFhXmifGiEf54PKdsnr1EauaN2tgJWNB6x1XT1kWWm8Wwp6LG"
            	            	actual  : "dnETgw1RTLQwSLbuhQEnjisfsvEz84CLgwGTYByyvAjjgLY4B"
            	            	
            	            	Diff:
            	            	--- Expected
            	            	+++ Actual
            	            	@@ -1 +1 @@
            	            	-2kFhXmifGiEf54PKdsnr1EauaN2tgJWNB6x1XT1kWWm8Wwp6LG
            	            	+dnETgw1RTLQwSLbuhQEnjisfsvEz84CLgwGTYByyvAjjgLY4B
            	Test:       	TestVMGenesis/local-jvYyfQTxGMJLuGWa55kdP2p2zSUYsQ5Raupu4TW34ZAUBAbtq
            	Messages:   	jvYyfQTxGMJLuGWa55kdP2p2zSUYsQ5Raupu4TW34ZAUBAbtq genesisID with networkID 31337 mismatch
    --- FAIL: TestVMGenesis/local-mgj786NP7uDwBCcq6YwThhaN8FLyybkCa4zBWTQbNgmK6k9A6 (0.00s)
        genesis_test.go:447: 
            	Error Trace:	/home/z/work/lux/node/genesis/genesis_test.go:447
            	Error:      	Not equal: 
            	            	expected: "2f9gWKiw8VTE29NbiA6kUmETi6Rz8ikk8tUbaHEdhft7X8BvQo"
            	            	actual  : "2WokyoVujr7NqByCPvaaSNRqqnKSJM7jahC58RhRyaktPjNPqz"
            	            	
            	            	Diff:
            	            	--- Expected
            	            	+++ Actual
            	            	@@ -1 +1 @@
            	            	-2f9gWKiw8VTE29NbiA6kUmETi6Rz8ikk8tUbaHEdhft7X8BvQo
            	            	+2WokyoVujr7NqByCPvaaSNRqqnKSJM7jahC58RhRyaktPjNPqz
            	Test:       	TestVMGenesis/local-mgj786NP7uDwBCcq6YwThhaN8FLyybkCa4zBWTQbNgmK6k9A6
            	Messages:   	mgj786NP7uDwBCcq6YwThhaN8FLyybkCa4zBWTQbNgmK6k9A6 genesisID with networkID 31337 mismatch
--- FAIL: TestLUXAssetID (0.01s)
    --- FAIL: TestLUXAssetID/mainnet (0.00s)
        genesis_test.go:486: 
            	Error Trace:	/home/z/work/lux/node/genesis/genesis_test.go:486
            	Error:      	Not equal: 
            	            	expected: "2qLJ1jAP1cyn8QLzKzJbT6qUeR5YAGrACn8jZVEhZXqPVZNbtP"
            	            	actual  : "2HkbAcvpo7htbWv4iffXpzbcLLzjDZPBJ32fKRGXYFfBsxoe9F"
            	            	
            	            	Diff:
            	            	--- Expected
            	            	+++ Actual
            	            	@@ -1 +1 @@
            	            	-2qLJ1jAP1cyn8QLzKzJbT6qUeR5YAGrACn8jZVEhZXqPVZNbtP
            	            	+2HkbAcvpo7htbWv4iffXpzbcLLzjDZPBJ32fKRGXYFfBsxoe9F
            	Test:       	TestLUXAssetID/mainnet
            	Messages:   	LUX assetID with networkID 96369 mismatch
    --- FAIL: TestLUXAssetID/local (0.00s)
        genesis_test.go:486: 
            	Error Trace:	/home/z/work/lux/node/genesis/genesis_test.go:486
            	Error:      	Not equal: 
            	            	expected: "2FGnCoZfucowttBTae1yEViEo9aXVEzD1jToLhnwRNRopasJbu"
            	            	actual  : "2QLSdF6mNa6tbRLodYBqQcZY3evjw3etbBswv3ciTbxiebXa7q"
            	            	
            	            	Diff:
            	            	--- Expected
            	            	+++ Actual
            	            	@@ -1 +1 @@
            	            	-2FGnCoZfucowttBTae1yEViEo9aXVEzD1jToLhnwRNRopasJbu
            	            	+2QLSdF6mNa6tbRLodYBqQcZY3evjw3etbBswv3ciTbxiebXa7q
            	Test:       	TestLUXAssetID/local
            	Messages:   	LUX assetID with networkID 31337 mismatch
FAIL
FAIL	github.com/luxfi/node/genesis	0.402s
?   	github.com/luxfi/node/genesis/generate/checkpoints	[no test files]
?   	github.com/luxfi/node/genesis/generate/validators	[no test files]
ok  	github.com/luxfi/node/ids/galiasreader	0.018s
ok  	github.com/luxfi/node/indexer	0.139s
?   	github.com/luxfi/node/indexer/examples/p-chain	[no test files]
?   	github.com/luxfi/node/indexer/examples/x-chain-blocks	[no test files]
?   	github.com/luxfi/node/ipcs	[no test files]
ok  	github.com/luxfi/node/ipcs/socket	0.028s
?   	github.com/luxfi/node/main	[no test files]
# github.com/luxfi/node/utils/timer [github.com/luxfi/node/utils/timer.test]
utils/timer/adaptive_timeout_manager_test.go:88:53: cannot use metrics.NewNoOpMetrics("test").Registry() (value of interface type "github.com/luxfi/metric".Registry) as prometheus.Registerer value in argument to NewAdaptiveTimeoutManager: "github.com/luxfi/metric".Registry does not implement prometheus.Registerer (wrong type for method MustRegister)
		have MustRegister("github.com/luxfi/metric".Collector)
		want MustRegister(...prometheus.Collector)
utils/timer/adaptive_timeout_manager_test.go:102:3: cannot use metrics.NewNoOpMetrics("test").Registry() (value of interface type "github.com/luxfi/metric".Registry) as prometheus.Registerer value in argument to NewAdaptiveTimeoutManager: "github.com/luxfi/metric".Registry does not implement prometheus.Registerer (wrong type for method MustRegister)
		have MustRegister("github.com/luxfi/metric".Collector)
		want MustRegister(...prometheus.Collector)
ok  	github.com/luxfi/node/message	0.150s
?   	github.com/luxfi/node/message/messagemock	[no test files]
?   	github.com/luxfi/node/nat	[no test files]
FAIL	github.com/luxfi/node/network [build failed]
ok  	github.com/luxfi/node/network/dialer	0.015s
FAIL	github.com/luxfi/node/network/p2p [build failed]
?   	github.com/luxfi/node/network/p2p/acp118	[no test files]
FAIL	github.com/luxfi/node/network/p2p/gossip [build failed]
# github.com/luxfi/node/utils/logging [github.com/luxfi/node/utils/logging.test]
utils/logging/log_test.go:23:12: cannot use panicFunc (variable of type func()) as string value in argument to log.Error
utils/logging/log_test.go:23:23: cannot use exitFunc (variable of type func()) as zap.Field value in argument to log.Error
ok  	github.com/luxfi/node/network/p2p/lp118	0.387s
?   	github.com/luxfi/node/network/p2p/mocks	[no test files]
ok  	github.com/luxfi/node/network/p2p/p2ptest	0.014s
FAIL	github.com/luxfi/node/network/peer [build failed]
FAIL	github.com/luxfi/node/network/throttling [build failed]
ok  	github.com/luxfi/node/node	0.322s
?   	github.com/luxfi/node/proto/p2p	[no test files]
?   	github.com/luxfi/node/proto/pb/aliasreader	[no test files]
?   	github.com/luxfi/node/proto/pb/appsender	[no test files]
?   	github.com/luxfi/node/proto/pb/http	[no test files]
?   	github.com/luxfi/node/proto/pb/http/responsewriter	[no test files]
?   	github.com/luxfi/node/proto/pb/io/reader	[no test files]
?   	github.com/luxfi/node/proto/pb/io/writer	[no test files]
?   	github.com/luxfi/node/proto/pb/keystore	[no test files]
?   	github.com/luxfi/node/proto/pb/message	[no test files]
?   	github.com/luxfi/node/proto/pb/messenger	[no test files]
?   	github.com/luxfi/node/proto/pb/net/conn	[no test files]
?   	github.com/luxfi/node/proto/pb/p2p	[no test files]
?   	github.com/luxfi/node/proto/pb/platformvm	[no test files]
?   	github.com/luxfi/node/proto/pb/rpcdb	[no test files]
?   	github.com/luxfi/node/proto/pb/sdk	[no test files]
?   	github.com/luxfi/node/proto/pb/sharedmemory	[no test files]
?   	github.com/luxfi/node/proto/pb/sync	[no test files]
?   	github.com/luxfi/node/proto/pb/validatorstate	[no test files]
?   	github.com/luxfi/node/proto/pb/vm	[no test files]
?   	github.com/luxfi/node/proto/pb/vm/runtime	[no test files]
?   	github.com/luxfi/node/proto/pb/warp	[no test files]
?   	github.com/luxfi/node/proto/rpcdb	[no test files]
ok  	github.com/luxfi/node/pubsub	0.013s
ok  	github.com/luxfi/node/pubsub/bloom	0.009s
ok  	github.com/luxfi/node/staking	0.009s
ok  	github.com/luxfi/node/subnets	0.014s
?   	github.com/luxfi/node/tests	[no test files]
?   	github.com/luxfi/node/tests/antithesis	[no test files]
?   	github.com/luxfi/node/tests/antithesis/luxd/gencomposeconfig	[no test files]
?   	github.com/luxfi/node/tests/antithesis/xsvm/gencomposeconfig	[no test files]
?   	github.com/luxfi/node/tests/e2e/c	[no test files]
ok  	github.com/luxfi/node/tests/fixture	0.012s
?   	github.com/luxfi/node/tests/fixture/e2e	[no test files]
?   	github.com/luxfi/node/tests/fixture/subnet	[no test files]
--- FAIL: TestNetworkSerialization (0.04s)
    network_test.go:32: 
        	Error Trace:	/home/z/work/lux/node/tests/fixture/tmpnet/network_test.go:32
        	Error:      	Not equal: 
        	            	expected: &tmpnet.Network{UUID:"a0d0c9a2-f346-44d3-ad9e-3017e2e6b5de", Owner:"testnet", Dir:"/tmp/TestNetworkSerialization4088939421/001/20250812-174342.969586-testnet", NetworkID:0x0, Genesis:(*genesis.UnparsedConfig)(0xc000201710), ChainConfigs:map[string]tmpnet.FlagsMap{"C":tmpnet.FlagsMap{"log-level":"trace", "warp-api-enabled":true}}, DefaultFlags:tmpnet.FlagsMap{"api-admin-enabled":true, "health-check-frequency":"2s", "http-host":"127.0.0.1", "index-enabled":true, "log-display-level":"off", "log-level":"debug", "min-stake-duration":"1s", "network-max-reconnect-delay":"1s", "network-peer-list-pull-gossip-frequency":"250ms", "proposervm-use-current-height":true, "public-ip":"127.0.0.1", "staking-host":"127.0.0.1"}, DefaultRuntimeConfig:tmpnet.NodeRuntimeConfig{LuxNodePath:"/path/to/lux/go"}, PreFundedKeys:[]*secp256k1.PrivateKey{(*secp256k1.PrivateKey)(0xc000526220), (*secp256k1.PrivateKey)(0xc0005262a0), (*secp256k1.PrivateKey)(0xc000526320), (*secp256k1.PrivateKey)(0xc0005263a0), (*secp256k1.PrivateKey)(0xc000526420), (*secp256k1.PrivateKey)(0xc0005264a0), (*secp256k1.PrivateKey)(0xc000526520), (*secp256k1.PrivateKey)(0xc0005265a0), (*secp256k1.PrivateKey)(0xc000526620), (*secp256k1.PrivateKey)(0xc0005266a0), (*secp256k1.PrivateKey)(0xc000526720), (*secp256k1.PrivateKey)(0xc0005267a0), (*secp256k1.PrivateKey)(0xc000526820), (*secp256k1.PrivateKey)(0xc0005268a0), (*secp256k1.PrivateKey)(0xc000526920), (*secp256k1.PrivateKey)(0xc0005269a0), (*secp256k1.PrivateKey)(0xc000526a20), (*secp256k1.PrivateKey)(0xc000526aa0), (*secp256k1.PrivateKey)(0xc000526b20), (*secp256k1.PrivateKey)(0xc000526ba0), (*secp256k1.PrivateKey)(0xc000526c20), (*secp256k1.PrivateKey)(0xc000526ca0), (*secp256k1.PrivateKey)(0xc000526d20), (*secp256k1.PrivateKey)(0xc000526da0), (*secp256k1.PrivateKey)(0xc000526e20), (*secp256k1.PrivateKey)(0xc000526ea0), (*secp256k1.PrivateKey)(0xc000526f20), (*secp256k1.PrivateKey)(0xc000526fa0), (*secp256k1.PrivateKey)(0xc000527020), (*secp256k1.PrivateKey)(0xc0005270a0), (*secp256k1.PrivateKey)(0xc000527120), (*secp256k1.PrivateKey)(0xc0005271a0), (*secp256k1.PrivateKey)(0xc000527220), (*secp256k1.PrivateKey)(0xc0005272a0), (*secp256k1.PrivateKey)(0xc000527320), (*secp256k1.PrivateKey)(0xc0005273a0), (*secp256k1.PrivateKey)(0xc000527420), (*secp256k1.PrivateKey)(0xc0005274a0), (*secp256k1.PrivateKey)(0xc000527520), (*secp256k1.PrivateKey)(0xc0005275a0), (*secp256k1.PrivateKey)(0xc000527620), (*secp256k1.PrivateKey)(0xc0005276a0), (*secp256k1.PrivateKey)(0xc000527720), (*secp256k1.PrivateKey)(0xc0005277a0), (*secp256k1.PrivateKey)(0xc000527820), (*secp256k1.PrivateKey)(0xc0005278a0), (*secp256k1.PrivateKey)(0xc000527920), (*secp256k1.PrivateKey)(0xc0005279a0), (*secp256k1.PrivateKey)(0xc000527a20), (*secp256k1.PrivateKey)(0xc000527aa0)}, Nodes:[]*tmpnet.Node{(*tmpnet.Node)(0xc0004fcd00), (*tmpnet.Node)(0xc0004fcf00)}, Subnets:[]*tmpnet.Subnet(nil)}
        	            	actual  : &tmpnet.Network{UUID:"a0d0c9a2-f346-44d3-ad9e-3017e2e6b5de", Owner:"testnet", Dir:"/tmp/TestNetworkSerialization4088939421/001/20250812-174342.969586-testnet", NetworkID:0x0, Genesis:(*genesis.UnparsedConfig)(0xc0002019e0), ChainConfigs:map[string]tmpnet.FlagsMap{"C":tmpnet.FlagsMap{"log-level":"trace", "warp-api-enabled":true}}, DefaultFlags:tmpnet.FlagsMap{"api-admin-enabled":true, "health-check-frequency":"2s", "http-host":"127.0.0.1", "index-enabled":true, "log-display-level":"off", "log-level":"debug", "min-stake-duration":"1s", "network-max-reconnect-delay":"1s", "network-peer-list-pull-gossip-frequency":"250ms", "proposervm-use-current-height":true, "public-ip":"127.0.0.1", "staking-host":"127.0.0.1"}, DefaultRuntimeConfig:tmpnet.NodeRuntimeConfig{LuxNodePath:"/path/to/lux/go"}, PreFundedKeys:[]*secp256k1.PrivateKey{(*secp256k1.PrivateKey)(0xc000535720), (*secp256k1.PrivateKey)(0xc0005357c0), (*secp256k1.PrivateKey)(0xc000535880), (*secp256k1.PrivateKey)(0xc000535920), (*secp256k1.PrivateKey)(0xc0005359c0), (*secp256k1.PrivateKey)(0xc000535a60), (*secp256k1.PrivateKey)(0xc000535b00), (*secp256k1.PrivateKey)(0xc000535ba0), (*secp256k1.PrivateKey)(0xc000535c40), (*secp256k1.PrivateKey)(0xc000535ce0), (*secp256k1.PrivateKey)(0xc000535d80), (*secp256k1.PrivateKey)(0xc000535e20), (*secp256k1.PrivateKey)(0xc000535ec0), (*secp256k1.PrivateKey)(0xc000535f60), (*secp256k1.PrivateKey)(0xc00097a080), (*secp256k1.PrivateKey)(0xc00097a120), (*secp256k1.PrivateKey)(0xc00097a1c0), (*secp256k1.PrivateKey)(0xc00097a260), (*secp256k1.PrivateKey)(0xc00097a300), (*secp256k1.PrivateKey)(0xc00097a3a0), (*secp256k1.PrivateKey)(0xc00097a440), (*secp256k1.PrivateKey)(0xc00097a4e0), (*secp256k1.PrivateKey)(0xc00097a580), (*secp256k1.PrivateKey)(0xc00097a620), (*secp256k1.PrivateKey)(0xc00097a6c0), (*secp256k1.PrivateKey)(0xc00097a760), (*secp256k1.PrivateKey)(0xc00097a800), (*secp256k1.PrivateKey)(0xc00097a8a0), (*secp256k1.PrivateKey)(0xc00097a940), (*secp256k1.PrivateKey)(0xc00097a9e0), (*secp256k1.PrivateKey)(0xc00097aa80), (*secp256k1.PrivateKey)(0xc00097ab20), (*secp256k1.PrivateKey)(0xc00097abc0), (*secp256k1.PrivateKey)(0xc00097ac60), (*secp256k1.PrivateKey)(0xc00097ad00), (*secp256k1.PrivateKey)(0xc00097ada0), (*secp256k1.PrivateKey)(0xc00097ae40), (*secp256k1.PrivateKey)(0xc00097aee0), (*secp256k1.PrivateKey)(0xc00097af80), (*secp256k1.PrivateKey)(0xc00097b020), (*secp256k1.PrivateKey)(0xc00097b0c0), (*secp256k1.PrivateKey)(0xc00097b160), (*secp256k1.PrivateKey)(0xc00097b200), (*secp256k1.PrivateKey)(0xc00097b2a0), (*secp256k1.PrivateKey)(0xc00097b340), (*secp256k1.PrivateKey)(0xc00097b3e0), (*secp256k1.PrivateKey)(0xc00097b480), (*secp256k1.PrivateKey)(0xc00097b520), (*secp256k1.PrivateKey)(0xc00097b5c0), (*secp256k1.PrivateKey)(0xc00097b660)}, Nodes:[]*tmpnet.Node{(*tmpnet.Node)(0xc0004fd300), (*tmpnet.Node)(0xc0004fd500)}, Subnets:[]*tmpnet.Subnet(nil)}
        	            	
        	            	Diff:
        	Test:       	TestNetworkSerialization
FAIL
FAIL	github.com/luxfi/node/tests/fixture/tmpnet	0.139s
?   	github.com/luxfi/node/tests/fixture/tmpnet/cmd	[no test files]
# github.com/luxfi/node/vms/platformvm/network [github.com/luxfi/node/vms/platformvm/network.test]
vms/platformvm/network/gossip_test.go:46:11: undefined: metrics.NewRegistry
vms/platformvm/network/gossip_test.go:80:11: undefined: metrics.NewRegistry
vms/platformvm/network/gossip_test.go:111:11: undefined: metrics.NewRegistry
vms/platformvm/network/gossip_test.go:146:11: undefined: metrics.NewRegistry
vms/platformvm/network/network_test.go:176:13: undefined: metrics.NewRegistry
# github.com/luxfi/node/vms/platformvm/txs/mempool [github.com/luxfi/node/vms/platformvm/txs/mempool.test]
vms/platformvm/txs/mempool/mempool_test.go:36:24: undefined: metrics.NewRegistry
vms/platformvm/txs/mempool/mempool_test.go:60:24: undefined: metrics.NewRegistry
vms/platformvm/txs/mempool/mempool_test.go:113:24: undefined: metrics.NewRegistry
vms/platformvm/txs/mempool/mempool_test.go:247:24: undefined: metrics.NewRegistry
# github.com/luxfi/node/vms/proposervm/state [github.com/luxfi/node/vms/proposervm/state.test]
vms/proposervm/state/block_state_test.go:86:42: cannot use metrics.NewNoOpMetrics("test").Registry() (value of interface type "github.com/luxfi/metric".Registry) as prometheus.Registerer value in argument to NewMeteredBlockState: "github.com/luxfi/metric".Registry does not implement prometheus.Registerer (wrong type for method MustRegister)
		have MustRegister("github.com/luxfi/metric".Collector)
		want MustRegister(...prometheus.Collector)
vms/proposervm/state/state_test.go:31:32: cannot use metrics.NewNoOpMetrics("test").Registry() (value of interface type "github.com/luxfi/metric".Registry) as prometheus.Registerer value in argument to NewMetered: "github.com/luxfi/metric".Registry does not implement prometheus.Registerer (wrong type for method MustRegister)
		have MustRegister("github.com/luxfi/metric".Collector)
		want MustRegister(...prometheus.Collector)
# github.com/luxfi/node/vms/platformvm/validators [github.com/luxfi/node/vms/platformvm/validators.test]
vms/platformvm/validators/manager_benchmark_test.go:122:18: assignment mismatch: 2 variables but metrics.New returns 1 value
vms/platformvm/validators/manager_benchmark_test.go:122:38: undefined: metrics.NewRegistry
ok  	github.com/luxfi/node/tests/fixture/tmpnet/local	0.152s
ok  	github.com/luxfi/node/tests/poa	0.144s
?   	github.com/luxfi/node/upgrade	[no test files]
?   	github.com/luxfi/node/upgrade/upgradetest	[no test files]
ok  	github.com/luxfi/node/utils	0.011s
ok  	github.com/luxfi/node/utils/bag	0.009s
ok  	github.com/luxfi/node/utils/beacon	0.008s
ok  	github.com/luxfi/node/utils/bimap	0.009s
# github.com/luxfi/node/vms/proposervm [github.com/luxfi/node/vms/proposervm.test]
vms/proposervm/batched_vm_test.go:888:25: cannot use metrics.NewNoOpMetrics("test").Registry() (value of interface type "github.com/luxfi/metric".Registry) as prometheus.Registerer value in struct literal: "github.com/luxfi/metric".Registry does not implement prometheus.Registerer (wrong type for method MustRegister)
		have MustRegister("github.com/luxfi/metric".Collector)
		want MustRegister(...prometheus.Collector)
vms/proposervm/block_test.go:83:23: cannot use metrics.NewNoOpMetrics("test").Registry() (value of interface type "github.com/luxfi/metric".Registry) as prometheus.Registerer value in struct literal: "github.com/luxfi/metric".Registry does not implement prometheus.Registerer (wrong type for method MustRegister)
		have MustRegister("github.com/luxfi/metric".Collector)
		want MustRegister(...prometheus.Collector)
vms/proposervm/block_test.go:396:23: cannot use metrics.NewNoOpMetrics("test").Registry() (value of interface type "github.com/luxfi/metric".Registry) as prometheus.Registerer value in struct literal: "github.com/luxfi/metric".Registry does not implement prometheus.Registerer (wrong type for method MustRegister)
		have MustRegister("github.com/luxfi/metric".Collector)
		want MustRegister(...prometheus.Collector)
vms/proposervm/post_fork_option_test.go:548:25: cannot use metrics.NewNoOpMetrics("test").Registry() (value of interface type "github.com/luxfi/metric".Registry) as prometheus.Registerer value in struct literal: "github.com/luxfi/metric".Registry does not implement prometheus.Registerer (wrong type for method MustRegister)
		have MustRegister("github.com/luxfi/metric".Collector)
		want MustRegister(...prometheus.Collector)
vms/proposervm/state_syncable_vm_test.go:63:25: cannot use metrics.NewNoOpMetrics("test").Registry() (value of interface type "github.com/luxfi/metric".Registry) as prometheus.Registerer value in struct literal: "github.com/luxfi/metric".Registry does not implement prometheus.Registerer (wrong type for method MustRegister)
		have MustRegister("github.com/luxfi/metric".Collector)
		want MustRegister(...prometheus.Collector)
vms/proposervm/vm_test.go:136:25: cannot use metrics.NewNoOpMetrics("test").Registry() (value of interface type "github.com/luxfi/metric".Registry) as prometheus.Registerer value in struct literal: "github.com/luxfi/metric".Registry does not implement prometheus.Registerer (wrong type for method MustRegister)
		have MustRegister("github.com/luxfi/metric".Collector)
		want MustRegister(...prometheus.Collector)
vms/proposervm/vm_test.go:818:25: cannot use metrics.NewNoOpMetrics("test").Registry() (value of interface type "github.com/luxfi/metric".Registry) as prometheus.Registerer value in struct literal: "github.com/luxfi/metric".Registry does not implement prometheus.Registerer (wrong type for method MustRegister)
		have MustRegister("github.com/luxfi/metric".Collector)
		want MustRegister(...prometheus.Collector)
vms/proposervm/vm_test.go:1122:25: cannot use metrics.NewNoOpMetrics("test").Registry() (value of interface type "github.com/luxfi/metric".Registry) as prometheus.Registerer value in struct literal: "github.com/luxfi/metric".Registry does not implement prometheus.Registerer (wrong type for method MustRegister)
		have MustRegister("github.com/luxfi/metric".Collector)
		want MustRegister(...prometheus.Collector)
vms/proposervm/vm_test.go:1197:25: cannot use metrics.NewNoOpMetrics("test").Registry() (value of interface type "github.com/luxfi/metric".Registry) as prometheus.Registerer value in struct literal: "github.com/luxfi/metric".Registry does not implement prometheus.Registerer (wrong type for method MustRegister)
		have MustRegister("github.com/luxfi/metric".Collector)
		want MustRegister(...prometheus.Collector)
vms/proposervm/vm_test.go:1593:25: cannot use metrics.NewNoOpMetrics("test").Registry() (value of interface type "github.com/luxfi/metric".Registry) as prometheus.Registerer value in struct literal: "github.com/luxfi/metric".Registry does not implement prometheus.Registerer (wrong type for method MustRegister)
		have MustRegister("github.com/luxfi/metric".Collector)
		want MustRegister(...prometheus.Collector)
vms/proposervm/vm_test.go:1593:25: too many errors
# github.com/luxfi/node/vms/platformvm/state [github.com/luxfi/node/vms/platformvm/state.test]
vms/platformvm/state/state_test.go:804:11: undefined: metrics.Noop
vms/platformvm/state/state_test.go:810:11: undefined: metrics.NewRegistry
# github.com/luxfi/node/vms/platformvm/block/builder [github.com/luxfi/node/vms/platformvm/block/builder.test]
vms/platformvm/block/builder/helpers_test.go:211:24: undefined: metrics.NewRegistry
vms/platformvm/block/builder/helpers_test.go:218:18: assignment mismatch: 2 variables but metrics.New returns 1 value
vms/platformvm/block/builder/helpers_test.go:329:11: undefined: metrics.NewRegistry
vms/platformvm/block/builder/helpers_test.go:333:11: undefined: metrics.Noop
# github.com/luxfi/node/vms/platformvm/block/executor [github.com/luxfi/node/vms/platformvm/block/executor.test]
vms/platformvm/block/executor/helpers_test.go:192:24: undefined: metrics.NewRegistry
vms/platformvm/block/executor/helpers_test.go:195:21: undefined: metrics.Noop
vms/platformvm/block/executor/helpers_test.go:313:11: undefined: metrics.NewRegistry
vms/platformvm/block/executor/helpers_test.go:317:11: undefined: metrics.Noop
# github.com/luxfi/node/vms/platformvm/txs/executor [github.com/luxfi/node/vms/platformvm/txs/executor.test]
vms/platformvm/txs/executor/helpers_test.go:291:11: undefined: metrics.NewRegistry
vms/platformvm/txs/executor/helpers_test.go:295:11: undefined: metrics.Noop
ok  	github.com/luxfi/node/utils/bloom	0.643s
ok  	github.com/luxfi/node/utils/buffer	0.011s
ok  	github.com/luxfi/node/utils/cb58	0.010s
ok  	github.com/luxfi/node/utils/compression	0.301s
ok  	github.com/luxfi/node/utils/constants	0.009s
ok  	github.com/luxfi/node/utils/crypto/keychain	0.012s
?   	github.com/luxfi/node/utils/crypto/ledger	[no test files]
ok  	github.com/luxfi/node/utils/dynamicip	0.012s
ok  	github.com/luxfi/node/utils/filesystem	0.010s
ok  	github.com/luxfi/node/utils/formatting	0.010s
?   	github.com/luxfi/node/utils/formatting/address	[no test files]
?   	github.com/luxfi/node/utils/hashing	[no test files]
ok  	github.com/luxfi/node/utils/hashing/consistent	0.012s
ok  	github.com/luxfi/node/utils/heap	0.010s
ok  	github.com/luxfi/node/utils/ips	0.009s
ok  	github.com/luxfi/node/utils/json	0.009s
ok  	github.com/luxfi/node/utils/linked	0.010s
ok  	github.com/luxfi/node/utils/linkedhashmap	0.010s
?   	github.com/luxfi/node/utils/lock	[no test files]
FAIL	github.com/luxfi/node/utils/logging [build failed]
ok  	github.com/luxfi/node/utils/math	0.009s
ok  	github.com/luxfi/node/utils/math/meter	0.011s
ok  	github.com/luxfi/node/utils/maybe	0.010s
ok  	github.com/luxfi/node/utils/metric	0.014s
?   	github.com/luxfi/node/utils/metrics	[no test files]
ok  	github.com/luxfi/node/utils/password	0.505s
?   	github.com/luxfi/node/utils/perms	[no test files]
ok  	github.com/luxfi/node/utils/profiler	0.232s
ok  	github.com/luxfi/node/utils/resource	0.015s
?   	github.com/luxfi/node/utils/resource/resourcemock	[no test files]
?   	github.com/luxfi/node/utils/rpc	[no test files]
ok  	github.com/luxfi/node/utils/sampler	0.016s
ok  	github.com/luxfi/node/utils/set	0.014s
ok  	github.com/luxfi/node/utils/setmap	0.011s
?   	github.com/luxfi/node/utils/storage	[no test files]
FAIL	github.com/luxfi/node/utils/timer [build failed]
ok  	github.com/luxfi/node/utils/timer/mockable	0.009s
ok  	github.com/luxfi/node/utils/tree	0.017s
?   	github.com/luxfi/node/utils/ulimit	[no test files]
?   	github.com/luxfi/node/utils/units	[no test files]
ok  	github.com/luxfi/node/utils/window	0.013s
ok  	github.com/luxfi/node/utils/wrappers	0.010s
ok  	github.com/luxfi/node/version	0.011s
?   	github.com/luxfi/node/vms	[no test files]
?   	github.com/luxfi/node/vms/cchainvm	[no test files]
ok  	github.com/luxfi/node/vms/components/chain	0.018s
ok  	github.com/luxfi/node/vms/components/gas	0.014s
?   	github.com/luxfi/node/vms/components/index	[no test files]
ok  	github.com/luxfi/node/vms/components/keystore	0.075s
# github.com/luxfi/node/vms/rpcchainvm/grpcutils [github.com/luxfi/node/vms/rpcchainvm/grpcutils.test]
vms/rpcchainvm/grpcutils/client_test.go:55:2: declared and not used: conn
vms/rpcchainvm/grpcutils/client_test.go:58:18: undefined: db
vms/rpcchainvm/grpcutils/client_test.go:68:2: declared and not used: noWaitConn
vms/rpcchainvm/grpcutils/client_test.go:75:8: undefined: db
vms/rpcchainvm/grpcutils/client_test.go:91:8: undefined: pb
vms/rpcchainvm/grpcutils/client_test.go:92:41: undefined: pb
ok  	github.com/luxfi/node/vms/components/lux	0.092s
ok  	github.com/luxfi/node/vms/components/message	0.008s
ok  	github.com/luxfi/node/vms/components/verify	0.010s
?   	github.com/luxfi/node/vms/example/xsvm	[no test files]
?   	github.com/luxfi/node/vms/example/xsvm/api	[no test files]
?   	github.com/luxfi/node/vms/example/xsvm/block	[no test files]
?   	github.com/luxfi/node/vms/example/xsvm/builder	[no test files]
?   	github.com/luxfi/node/vms/example/xsvm/chain	[no test files]
?   	github.com/luxfi/node/vms/example/xsvm/cmd/account	[no test files]
?   	github.com/luxfi/node/vms/example/xsvm/cmd/chain	[no test files]
?   	github.com/luxfi/node/vms/example/xsvm/cmd/chain/create	[no test files]
?   	github.com/luxfi/node/vms/example/xsvm/cmd/chain/genesis	[no test files]
?   	github.com/luxfi/node/vms/example/xsvm/cmd/issue	[no test files]
?   	github.com/luxfi/node/vms/example/xsvm/cmd/issue/export	[no test files]
?   	github.com/luxfi/node/vms/example/xsvm/cmd/issue/importtx	[no test files]
?   	github.com/luxfi/node/vms/example/xsvm/cmd/issue/status	[no test files]
?   	github.com/luxfi/node/vms/example/xsvm/cmd/issue/transfer	[no test files]
?   	github.com/luxfi/node/vms/example/xsvm/cmd/run	[no test files]
?   	github.com/luxfi/node/vms/example/xsvm/cmd/version	[no test files]
?   	github.com/luxfi/node/vms/example/xsvm/cmd/xsvm	[no test files]
?   	github.com/luxfi/node/vms/example/xsvm/execute	[no test files]
ok  	github.com/luxfi/node/vms/example/xsvm/genesis	0.005s
?   	github.com/luxfi/node/vms/example/xsvm/state	[no test files]
?   	github.com/luxfi/node/vms/example/xsvm/tx	[no test files]
?   	github.com/luxfi/node/vms/fx	[no test files]
?   	github.com/luxfi/node/vms/metervm	[no test files]
ok  	github.com/luxfi/node/vms/nftfx	0.011s
# github.com/luxfi/node/vms/rpcchainvm [github.com/luxfi/node/vms/rpcchainvm.test]
vms/rpcchainvm/state_syncable_vm_test.go:273:4: cannot use log.Info (value of type func(msg string, ctx ...interface{})) as logging.Level value in argument to logging.NewWrappedCore
vms/rpcchainvm/state_syncable_vm_test.go:289:22: cannot use log (variable of interface type logging.Logger) as "github.com/luxfi/log".Logger value in struct literal: logging.Logger does not implement "github.com/luxfi/log".Logger (missing method Crit)
# github.com/luxfi/node/vms/xvm [github.com/luxfi/node/vms/xvm.test]
vms/xvm/index_test.go:193:42: cannot use metrics.NewNoOpMetrics("test").Registry() (value of interface type "github.com/luxfi/metric".Registry) as prometheus.Registerer value in argument to index.NewIndexer: "github.com/luxfi/metric".Registry does not implement prometheus.Registerer (wrong type for method MustRegister)
		have MustRegister("github.com/luxfi/metric".Collector)
		want MustRegister(...prometheus.Collector)
vms/xvm/index_test.go:215:41: cannot use metrics.NewNoOpMetrics("test").Registry() (value of interface type "github.com/luxfi/metric".Registry) as prometheus.Registerer value in argument to index.NewIndexer: "github.com/luxfi/metric".Registry does not implement prometheus.Registerer (wrong type for method MustRegister)
		have MustRegister("github.com/luxfi/metric".Collector)
		want MustRegister(...prometheus.Collector)
vms/xvm/index_test.go:219:41: cannot use metrics.NewNoOpMetrics("test").Registry() (value of interface type "github.com/luxfi/metric".Registry) as prometheus.Registerer value in argument to index.NewIndexer: "github.com/luxfi/metric".Registry does not implement prometheus.Registerer (wrong type for method MustRegister)
		have MustRegister("github.com/luxfi/metric".Collector)
		want MustRegister(...prometheus.Collector)
vms/xvm/index_test.go:241:41: cannot use metrics.NewNoOpMetrics("test").Registry() (value of interface type "github.com/luxfi/metric".Registry) as prometheus.Registerer value in argument to index.NewIndexer: "github.com/luxfi/metric".Registry does not implement prometheus.Registerer (wrong type for method MustRegister)
		have MustRegister("github.com/luxfi/metric".Collector)
		want MustRegister(...prometheus.Collector)
# github.com/luxfi/node/vms/xvm/block/builder [github.com/luxfi/node/vms/xvm/block/builder.test]
vms/xvm/block/builder/builder_test.go:523:41: cannot use registerer (variable of interface type "github.com/luxfi/metric".Registry) as prometheus.Registerer value in argument to mempool.New: "github.com/luxfi/metric".Registry does not implement prometheus.Registerer (wrong type for method MustRegister)
		have MustRegister("github.com/luxfi/metric".Collector)
		want MustRegister(...prometheus.Collector)
vms/xvm/block/builder/builder_test.go:549:42: cannot use registerer (variable of interface type "github.com/luxfi/metric".Registry) as prometheus.Registerer value in argument to state.New: "github.com/luxfi/metric".Registry does not implement prometheus.Registerer (wrong type for method MustRegister)
		have MustRegister("github.com/luxfi/metric".Collector)
		want MustRegister(...prometheus.Collector)
vms/xvm/block/builder/builder_test.go:565:18: assignment mismatch: 2 variables but metrics.New returns 1 value
vms/xvm/block/builder/builder_test.go:565:30: cannot use registerer (variable of interface type "github.com/luxfi/metric".Registry) as string value in argument to metrics.New
# github.com/luxfi/node/vms/xvm/txs/mempool [github.com/luxfi/node/vms/xvm/txs/mempool.test]
vms/xvm/txs/mempool/mempool_test.go:26:24: cannot use metrics.NewNoOpMetrics("test").Registry() (value of interface type "github.com/luxfi/metric".Registry) as prometheus.Registerer value in argument to New: "github.com/luxfi/metric".Registry does not implement prometheus.Registerer (wrong type for method MustRegister)
		have MustRegister("github.com/luxfi/metric".Collector)
		want MustRegister(...prometheus.Collector)
# github.com/luxfi/node/vms/xvm/state [github.com/luxfi/node/vms/xvm/state.test]
vms/xvm/state/state_test.go:116:29: cannot use metrics.NewNoOpMetrics("test").Registry() (value of interface type "github.com/luxfi/metric".Registry) as prometheus.Registerer value in argument to New: "github.com/luxfi/metric".Registry does not implement prometheus.Registerer (wrong type for method MustRegister)
		have MustRegister("github.com/luxfi/metric".Collector)
		want MustRegister(...prometheus.Collector)
vms/xvm/state/state_test.go:124:28: cannot use metrics.NewNoOpMetrics("test").Registry() (value of interface type "github.com/luxfi/metric".Registry) as prometheus.Registerer value in argument to New: "github.com/luxfi/metric".Registry does not implement prometheus.Registerer (wrong type for method MustRegister)
		have MustRegister("github.com/luxfi/metric".Collector)
		want MustRegister(...prometheus.Collector)
vms/xvm/state/state_test.go:137:29: cannot use metrics.NewNoOpMetrics("test").Registry() (value of interface type "github.com/luxfi/metric".Registry) as prometheus.Registerer value in argument to New: "github.com/luxfi/metric".Registry does not implement prometheus.Registerer (wrong type for method MustRegister)
		have MustRegister("github.com/luxfi/metric".Collector)
		want MustRegister(...prometheus.Collector)
vms/xvm/state/state_test.go:297:29: cannot use metrics.NewNoOpMetrics("test").Registry() (value of interface type "github.com/luxfi/metric".Registry) as prometheus.Registerer value in argument to New: "github.com/luxfi/metric".Registry does not implement prometheus.Registerer (wrong type for method MustRegister)
		have MustRegister("github.com/luxfi/metric".Collector)
		want MustRegister(...prometheus.Collector)
# github.com/luxfi/node/vms/xvm/network [github.com/luxfi/node/vms/xvm/network.test]
vms/xvm/network/gossip_test.go:70:38: cannot use metrics (variable of interface type "github.com/luxfi/metric".Registry) as prometheus.Registerer value in argument to mempool.New: "github.com/luxfi/metric".Registry does not implement prometheus.Registerer (wrong type for method MustRegister)
		have MustRegister("github.com/luxfi/metric".Collector)
		want MustRegister(...prometheus.Collector)
vms/xvm/network/gossip_test.go:78:3: cannot use metrics (variable of interface type "github.com/luxfi/metric".Registry) as prometheus.Registerer value in argument to newGossipMempool: "github.com/luxfi/metric".Registry does not implement prometheus.Registerer (wrong type for method MustRegister)
		have MustRegister("github.com/luxfi/metric".Collector)
		want MustRegister(...prometheus.Collector)
vms/xvm/network/gossip_test.go:107:38: cannot use metrics (variable of interface type "github.com/luxfi/metric".Registry) as prometheus.Registerer value in argument to mempool.New: "github.com/luxfi/metric".Registry does not implement prometheus.Registerer (wrong type for method MustRegister)
		have MustRegister("github.com/luxfi/metric".Collector)
		want MustRegister(...prometheus.Collector)
vms/xvm/network/gossip_test.go:115:3: cannot use metrics (variable of interface type "github.com/luxfi/metric".Registry) as prometheus.Registerer value in argument to newGossipMempool: "github.com/luxfi/metric".Registry does not implement prometheus.Registerer (wrong type for method MustRegister)
		have MustRegister("github.com/luxfi/metric".Collector)
		want MustRegister(...prometheus.Collector)
vms/xvm/network/network_test.go:193:5: cannot use metrics.NewNoOpMetrics("test").Registry() (value of interface type "github.com/luxfi/metric".Registry) as prometheus.Registerer value in argument to New: "github.com/luxfi/metric".Registry does not implement prometheus.Registerer (wrong type for method MustRegister)
		have MustRegister("github.com/luxfi/metric".Collector)
		want MustRegister(...prometheus.Collector)
vms/xvm/network/network_test.go:287:5: cannot use metrics.NewNoOpMetrics("test").Registry() (value of interface type "github.com/luxfi/metric".Registry) as prometheus.Registerer value in argument to New: "github.com/luxfi/metric".Registry does not implement prometheus.Registerer (wrong type for method MustRegister)
		have MustRegister("github.com/luxfi/metric".Collector)
		want MustRegister(...prometheus.Collector)
# github.com/luxfi/node/vms/xvm/txs/executor [github.com/luxfi/node/vms/xvm/txs/executor.test]
vms/xvm/txs/executor/executor_test.go:63:39: cannot use registerer (variable of interface type "github.com/luxfi/metric".Registry) as prometheus.Registerer value in argument to state.New: "github.com/luxfi/metric".Registry does not implement prometheus.Registerer (wrong type for method MustRegister)
		have MustRegister("github.com/luxfi/metric".Collector)
		want MustRegister(...prometheus.Collector)
vms/xvm/txs/executor/executor_test.go:170:39: cannot use registerer (variable of interface type "github.com/luxfi/metric".Registry) as prometheus.Registerer value in argument to state.New: "github.com/luxfi/metric".Registry does not implement prometheus.Registerer (wrong type for method MustRegister)
		have MustRegister("github.com/luxfi/metric".Collector)
		want MustRegister(...prometheus.Collector)
vms/xvm/txs/executor/executor_test.go:315:39: cannot use registerer (variable of interface type "github.com/luxfi/metric".Registry) as prometheus.Registerer value in argument to state.New: "github.com/luxfi/metric".Registry does not implement prometheus.Registerer (wrong type for method MustRegister)
		have MustRegister("github.com/luxfi/metric".Collector)
		want MustRegister(...prometheus.Collector)
# github.com/luxfi/node/x/sync [github.com/luxfi/node/x/sync.test]
x/sync/metrics.go:52:6: metrics already declared through import of package metrics ("github.com/luxfi/metric")
	x/sync/sync_test.go:13:3: other declaration of metrics
x/sync/sync_test.go:34:32: cannot use metrics.NewNoOpMetrics("test").Registry() (value of interface type "github.com/luxfi/metric".Registry) as prometheus.Registerer value in struct literal: "github.com/luxfi/metric".Registry does not implement prometheus.Registerer (wrong type for method MustRegister)
		have MustRegister("github.com/luxfi/metric".Collector)
		want MustRegister(...prometheus.Collector)
ok  	github.com/luxfi/node/vms/platformvm	35.197s
ok  	github.com/luxfi/node/vms/platformvm/api	0.015s
--- FAIL: TestBanffProposalBlockJSON (0.00s)
    serialization_test.go:190: 
        	Error Trace:	/home/z/work/lux/node/vms/platformvm/block/serialization_test.go:190
        	Error:      	Not equal: 
        	            	expected: "{\n\t\"time\": 123456,\n\t\"txs\": [\n\t\t{\n\t\t\t\"unsignedTx\": {\n\t\t\t\t\"networkID\": 1,\n\t\t\t\t\"blockchainID\": \"11111111111111111111111111111111LpoYY\",\n\t\t\t\t\"outputs\": [],\n\t\t\t\t\"inputs\": [],\n\t\t\t\t\"memo\": \"0x4b696c726f7957617348657265\"\n\t\t\t},\n\t\t\t\"credentials\": null,\n\t\t\t\"id\": \"11111111111111111111111111111111LpoYY\"\n\t\t},\n\t\t{\n\t\t\t\"unsignedTx\": {\n\t\t\t\t\"networkID\": 1,\n\t\t\t\t\"blockchainID\": \"11111111111111111111111111111111LpoYY\",\n\t\t\t\t\"outputs\": [],\n\t\t\t\t\"inputs\": [],\n\t\t\t\t\"memo\": \"0x4b696c726f795761734865726532\"\n\t\t\t},\n\t\t\t\"credentials\": null,\n\t\t\t\"id\": \"11111111111111111111111111111111LpoYY\"\n\t\t}\n\t],\n\t\"parentID\": \"rVcYrvnGXdoJBeYQRm5ZNaCGHeVyqcHHJu8Yd89kJcef6V5Eg\",\n\t\"height\": 1337,\n\t\"id\": \"kM6h4d2UKYEDzQXm7KNqyeBJLjhb42J24m4L4WACB5didf3pk\",\n\t\"tx\": {\n\t\t\"unsignedTx\": {\n\t\t\t\"time\": 123457\n\t\t},\n\t\t\"credentials\": null,\n\t\t\"id\": \"11111111111111111111111111111111LpoYY\"\n\t}\n}"
        	            	actual  : "{\n\t\"time\": 123456,\n\t\"txs\": [\n\t\t{\n\t\t\t\"unsignedTx\": {\n\t\t\t\t\"networkID\": 96369,\n\t\t\t\t\"blockchainID\": \"11111111111111111111111111111111LpoYY\",\n\t\t\t\t\"outputs\": [],\n\t\t\t\t\"inputs\": [],\n\t\t\t\t\"memo\": \"0x4b696c726f7957617348657265\"\n\t\t\t},\n\t\t\t\"credentials\": null,\n\t\t\t\"id\": \"11111111111111111111111111111111LpoYY\"\n\t\t},\n\t\t{\n\t\t\t\"unsignedTx\": {\n\t\t\t\t\"networkID\": 96369,\n\t\t\t\t\"blockchainID\": \"11111111111111111111111111111111LpoYY\",\n\t\t\t\t\"outputs\": [],\n\t\t\t\t\"inputs\": [],\n\t\t\t\t\"memo\": \"0x4b696c726f795761734865726532\"\n\t\t\t},\n\t\t\t\"credentials\": null,\n\t\t\t\"id\": \"11111111111111111111111111111111LpoYY\"\n\t\t}\n\t],\n\t\"parentID\": \"rVcYrvnGXdoJBeYQRm5ZNaCGHeVyqcHHJu8Yd89kJcef6V5Eg\",\n\t\"height\": 1337,\n\t\"id\": \"kM6h4d2UKYEDzQXm7KNqyeBJLjhb42J24m4L4WACB5didf3pk\",\n\t\"tx\": {\n\t\t\"unsignedTx\": {\n\t\t\t\"time\": 123457\n\t\t},\n\t\t\"credentials\": null,\n\t\t\"id\": \"11111111111111111111111111111111LpoYY\"\n\t}\n}"
        	            	
        	            	Diff:
        	            	--- Expected
        	            	+++ Actual
        	            	@@ -5,3 +5,3 @@
        	            	 			"unsignedTx": {
        	            	-				"networkID": 1,
        	            	+				"networkID": 96369,
        	            	 				"blockchainID": "11111111111111111111111111111111LpoYY",
        	            	@@ -16,3 +16,3 @@
        	            	 			"unsignedTx": {
        	            	-				"networkID": 1,
        	            	+				"networkID": 96369,
        	            	 				"blockchainID": "11111111111111111111111111111111LpoYY",
        	Test:       	TestBanffProposalBlockJSON
FAIL
FAIL	github.com/luxfi/node/vms/platformvm/block	0.027s
FAIL	github.com/luxfi/node/vms/platformvm/block/builder [build failed]
FAIL	github.com/luxfi/node/vms/platformvm/block/executor [build failed]
ok  	github.com/luxfi/node/vms/platformvm/config	0.127s
?   	github.com/luxfi/node/vms/platformvm/fx	[no test files]
?   	github.com/luxfi/node/vms/platformvm/genesis	[no test files]
?   	github.com/luxfi/node/vms/platformvm/metrics	[no test files]
FAIL	github.com/luxfi/node/vms/platformvm/network [build failed]
ok  	github.com/luxfi/node/vms/platformvm/reward	0.012s
--- FAIL: TestInvalidProofOfPossession (0.06s)
    --- FAIL: TestInvalidProofOfPossession/corrupted_public_key (0.01s)
        bls_k1_test.go:131: 
            	Error Trace:	/home/z/work/lux/node/vms/platformvm/signer/bls_k1_test.go:131
            	Error:      	Target error should be in err chain:
            	            	expected: "invalid proof of possession"
            	            	in chain: "couldn't decompress public key"
            	Test:       	TestInvalidProofOfPossession/corrupted_public_key
--- FAIL: TestProofOfPossession (0.02s)
    proof_of_possession_test.go:27: 
        	Error Trace:	/home/z/work/lux/node/vms/platformvm/signer/proof_of_possession_test.go:27
        	Error:      	Target error should be in err chain:
        	            	expected: "couldn't decompress signature"
        	            	in chain: "invalid signature"
        	Test:       	TestProofOfPossession
FAIL
FAIL	github.com/luxfi/node/vms/platformvm/signer	0.167s
ok  	github.com/luxfi/node/vms/platformvm/stakeable	0.014s
FAIL	github.com/luxfi/node/vms/platformvm/state [build failed]
ok  	github.com/luxfi/node/vms/platformvm/status	0.014s
--- FAIL: TestAddPermissionlessPrimaryDelegatorSerialization (0.00s)
    add_permissionless_delegator_tx_test.go:124: 
        	Error Trace:	/home/z/work/lux/node/vms/platformvm/txs/add_permissionless_delegator_tx_test.go:124
        	Error:      	Received unexpected error:
        	            	failed to verify BaseTx: metadata failed verification: tx has wrong network ID
        	Test:       	TestAddPermissionlessPrimaryDelegatorSerialization
--- FAIL: TestAddPermissionlessSubnetDelegatorSerialization (0.00s)
    add_permissionless_delegator_tx_test.go:859: 
        	Error Trace:	/home/z/work/lux/node/vms/platformvm/txs/add_permissionless_delegator_tx_test.go:859
        	Error:      	Received unexpected error:
        	            	failed to verify BaseTx: metadata failed verification: tx has wrong network ID
        	Test:       	TestAddPermissionlessSubnetDelegatorSerialization
--- FAIL: TestAddPermissionlessPrimaryValidator (0.01s)
    add_permissionless_validator_tx_test.go:139: 
        	Error Trace:	/home/z/work/lux/node/vms/platformvm/txs/add_permissionless_validator_tx_test.go:139
        	Error:      	Received unexpected error:
        	            	failed to verify BaseTx: metadata failed verification: tx has wrong network ID
        	Test:       	TestAddPermissionlessPrimaryValidator
--- FAIL: TestAddPermissionlessSubnetValidator (0.00s)
    add_permissionless_validator_tx_test.go:825: 
        	Error Trace:	/home/z/work/lux/node/vms/platformvm/txs/add_permissionless_validator_tx_test.go:825
        	Error:      	Received unexpected error:
        	            	failed to verify BaseTx: metadata failed verification: tx has wrong network ID
        	Test:       	TestAddPermissionlessSubnetValidator
--- FAIL: TestBaseTxSerialization (0.00s)
    base_tx_test.go:75: 
        	Error Trace:	/home/z/work/lux/node/vms/platformvm/txs/base_tx_test.go:75
        	Error:      	Received unexpected error:
        	            	metadata failed verification: tx has wrong network ID
        	Test:       	TestBaseTxSerialization
--- FAIL: TestRemoveSubnetValidatorTxSerialization (0.00s)
    remove_subnet_validator_tx_test.go:98: 
        	Error Trace:	/home/z/work/lux/node/vms/platformvm/txs/remove_subnet_validator_tx_test.go:98
        	Error:      	Received unexpected error:
        	            	metadata failed verification: tx has wrong network ID
        	Test:       	TestRemoveSubnetValidatorTxSerialization
--- FAIL: TestTransferSubnetOwnershipTxSerialization (0.00s)
    transfer_subnet_ownership_tx_test.go:97: 
        	Error Trace:	/home/z/work/lux/node/vms/platformvm/txs/transfer_subnet_ownership_tx_test.go:97
        	Error:      	Received unexpected error:
        	            	metadata failed verification: tx has wrong network ID
        	Test:       	TestTransferSubnetOwnershipTxSerialization
--- FAIL: TestTransformSubnetTxSerialization (0.00s)
    transform_subnet_tx_test.go:118: 
        	Error Trace:	/home/z/work/lux/node/vms/platformvm/txs/transform_subnet_tx_test.go:118
        	Error:      	Received unexpected error:
        	            	metadata failed verification: tx has wrong network ID
        	Test:       	TestTransformSubnetTxSerialization
FAIL
FAIL	github.com/luxfi/node/vms/platformvm/txs	0.077s
?   	github.com/luxfi/node/vms/platformvm/txs/builder	[no test files]
FAIL	github.com/luxfi/node/vms/platformvm/txs/executor [build failed]
ok  	github.com/luxfi/node/vms/platformvm/txs/fee	0.017s
FAIL	github.com/luxfi/node/vms/platformvm/txs/mempool [build failed]
ok  	github.com/luxfi/node/vms/platformvm/txs/txheap	0.020s
?   	github.com/luxfi/node/vms/platformvm/txs/txstest	[no test files]
?   	github.com/luxfi/node/vms/platformvm/upgrade	[no test files]
--- FAIL: TestVerifySpendUTXOs (0.00s)
    --- FAIL: TestVerifySpendUTXOs/invalid_signature (0.00s)
        verifier_test.go:1103: 
            	Error Trace:	/home/z/work/lux/node/vms/platformvm/utxo/verifier_test.go:1103
            	Error:      	Target error should be in err chain:
            	            	expected: "invalid signature"
            	            	in chain: "failed to verify transfer: recovery failed"
            	            		"recovery failed"
            	Test:       	TestVerifySpendUTXOs/invalid_signature
FAIL
FAIL	github.com/luxfi/node/vms/platformvm/utxo	0.151s
FAIL	github.com/luxfi/node/vms/platformvm/validators [build failed]
ok  	github.com/luxfi/node/vms/platformvm/warp	0.216s
?   	github.com/luxfi/node/vms/platformvm/warp/gwarp	[no test files]
ok  	github.com/luxfi/node/vms/platformvm/warp/payload	0.010s
ok  	github.com/luxfi/node/vms/propertyfx	0.016s
FAIL	github.com/luxfi/node/vms/proposervm [build failed]
ok  	github.com/luxfi/node/vms/proposervm/block	0.014s
--- FAIL: TestHeightBlockIndexPostFork (0.00s)
panic: runtime error: invalid memory address or nil pointer dereference [recovered]
	panic: runtime error: invalid memory address or nil pointer dereference
[signal SIGSEGV: segmentation violation code=0x1 addr=0x20 pc=0xa08d8e]

goroutine 9 [running]:
testing.tRunner.func1.2({0xb14220, 0x120f840})
	/usr/local/go/src/testing/testing.go:1734 +0x21c
testing.tRunner.func1()
	/usr/local/go/src/testing/testing.go:1737 +0x35e
panic({0xb14220?, 0x120f840?})
	/usr/local/go/src/runtime/panic.go:792 +0x132
github.com/luxfi/node/vms/proposervm/indexer.(*heightIndexer).doRepair(0xc000119860, {0xd068d8, 0x12528a0}, {0x8d, 0xfa, 0x21, 0x16, 0x44, 0xe9, 0x57, ...}, ...)
	/home/z/work/lux/node/vms/proposervm/indexer/height_indexer.go:169 +0x30e
github.com/luxfi/node/vms/proposervm/indexer.(*heightIndexer).RepairHeightIndex(0xc000119860, {0xd068d8, 0x12528a0})
	/home/z/work/lux/node/vms/proposervm/indexer/height_indexer.go:105 +0x12c
github.com/luxfi/node/vms/proposervm/indexer.TestHeightBlockIndexPostFork(0xc00013afc0?)
	/home/z/work/lux/node/vms/proposervm/indexer/height_indexer_test.go:93 +0x5a7
testing.tRunner(0xc00013afc0, 0xc3eda0)
	/usr/local/go/src/testing/testing.go:1792 +0xf4
created by testing.(*T).Run in goroutine 1
	/usr/local/go/src/testing/testing.go:1851 +0x413
FAIL	github.com/luxfi/node/vms/proposervm/indexer	0.019s
ok  	github.com/luxfi/node/vms/proposervm/proposer	0.263s
ok  	github.com/luxfi/node/vms/proposervm/scheduler	0.171s
FAIL	github.com/luxfi/node/vms/proposervm/state [build failed]
ok  	github.com/luxfi/node/vms/proposervm/summary	0.014s
ok  	github.com/luxfi/node/vms/proposervm/tree	0.015s
--- FAIL: TestRegisterBadVM (0.00s)
    vm_registerer.go:98: Unexpected call to *vms.MockFactory.New([&{0xc00012ee00 0xc0000ee570 0xc0000ee568 <nil>}]) at /home/z/work/lux/node/vms/registry/vm_registerer.go:98 because: 
        expected call at /home/z/work/lux/node/vms/registry/vm_registerer_test.go:49 doesn't match the argument at index 0.
        Got: &{0xc00012ee00 0xc0000ee570 0xc0000ee568 <nil>} (*log.zapLogger)
        Want: is nil
    controller.go:97: missing call(s) to *vms.MockFactory.New(is nil) /home/z/work/lux/node/vms/registry/vm_registerer_test.go:49
    controller.go:97: aborting test due to missing call(s)
--- FAIL: TestRegisterCreateHandlersAndShutdownFails (0.00s)
    vm_registerer.go:98: Unexpected call to *vms.MockFactory.New([&{0xc00012f080 0xc0000ee5f0 0xc0000ee5e8 <nil>}]) at /home/z/work/lux/node/vms/registry/vm_registerer.go:98 because: 
        expected call at /home/z/work/lux/node/vms/registry/vm_registerer_test.go:63 doesn't match the argument at index 0.
        Got: &{0xc00012f080 0xc0000ee5f0 0xc0000ee5e8 <nil>} (*log.zapLogger)
        Want: is nil
    controller.go:97: missing call(s) to *vms.MockFactory.New(is nil) /home/z/work/lux/node/vms/registry/vm_registerer_test.go:63
    controller.go:97: missing call(s) to *block.MockChainVM.CreateHandlers(is anything) /home/z/work/lux/node/vms/registry/vm_registerer_test.go:65
    controller.go:97: missing call(s) to *block.MockChainVM.Shutdown(is anything) /home/z/work/lux/node/vms/registry/vm_registerer_test.go:66
    controller.go:97: aborting test due to missing call(s)
panic: runtime error: invalid memory address or nil pointer dereference
[signal SIGSEGV: segmentation violation code=0x1 addr=0x20 pc=0x9f3d05]

goroutine 59 [running]:
github.com/luxfi/node/utils/resource.(*manager).update(0xc00012e980, {0x0, 0x0}, 0x34630b8a000, 0x34630b8a000, 0x34630b8a000)
	/home/z/work/lux/node/utils/resource/usage.go:180 +0x425
created by github.com/luxfi/node/utils/resource.NewManager in goroutine 53
	/home/z/work/lux/node/utils/resource/usage.go:111 +0x16b
FAIL	github.com/luxfi/node/vms/registry	0.023s
FAIL	github.com/luxfi/node/vms/rpcchainvm [build failed]
ok  	github.com/luxfi/node/vms/rpcchainvm/ghttp	0.012s
?   	github.com/luxfi/node/vms/rpcchainvm/ghttp/gconn	[no test files]
?   	github.com/luxfi/node/vms/rpcchainvm/ghttp/greader	[no test files]
?   	github.com/luxfi/node/vms/rpcchainvm/ghttp/gresponsewriter	[no test files]
?   	github.com/luxfi/node/vms/rpcchainvm/ghttp/gwriter	[no test files]
FAIL	github.com/luxfi/node/vms/rpcchainvm/grpcutils [build failed]
?   	github.com/luxfi/node/vms/rpcchainvm/gruntime	[no test files]
?   	github.com/luxfi/node/vms/rpcchainvm/messenger	[no test files]
?   	github.com/luxfi/node/vms/rpcchainvm/runtime	[no test files]
?   	github.com/luxfi/node/vms/rpcchainvm/runtime/subprocess	[no test files]
--- FAIL: TestFxVerifyTransferInvalidSignature (0.00s)
    fx_test.go:493: 
        	Error Trace:	/home/z/work/lux/node/vms/secp256k1fx/fx_test.go:493
        	Error:      	Target error should be in err chain:
        	            	expected: "invalid signature"
        	            	in chain: "recovery failed"
        	Test:       	TestFxVerifyTransferInvalidSignature
--- FAIL: TestKeychainAdd (0.00s)
    keychain_test.go:57: 
        	Error Trace:	/home/z/work/lux/node/vms/secp256k1fx/keychain_test.go:57
        	Error:      	Object expected to be of type *secp256k1.PrivateKey, but was *secp256k1fx.luxSigner
        	Test:       	TestKeychainAdd
FAIL
FAIL	github.com/luxfi/node/vms/secp256k1fx	0.031s
?   	github.com/luxfi/node/vms/tracedvm	[no test files]
ok  	github.com/luxfi/node/vms/txs/mempool	0.025s
?   	github.com/luxfi/node/vms/types	[no test files]
FAIL	github.com/luxfi/node/vms/xvm [build failed]
ok  	github.com/luxfi/node/vms/xvm/block	0.023s
FAIL	github.com/luxfi/node/vms/xvm/block/builder [build failed]
--- FAIL: TestBlockAccept (0.00s)
    --- FAIL: TestBlockAccept/no_error (0.00s)
panic: runtime error: invalid memory address or nil pointer dereference [recovered]
	panic: runtime error: invalid memory address or nil pointer dereference
[signal SIGSEGV: segmentation violation code=0x1 addr=0x98 pc=0xa3a4bf]

goroutine 29 [running]:
testing.tRunner.func1.2({0xb72dc0, 0x1356300})
	/usr/local/go/src/testing/testing.go:1734 +0x21c
testing.tRunner.func1()
	/usr/local/go/src/testing/testing.go:1737 +0x35e
panic({0xb72dc0?, 0x1356300?})
	/usr/local/go/src/runtime/panic.go:792 +0x132
github.com/luxfi/node/vms/xvm/block/executor.(*Block).Accept(0xc0002cd680, {0xc0002c3340?, 0x0?})
	/home/z/work/lux/node/vms/xvm/block/executor/block.go:253 +0xb1f
github.com/luxfi/node/vms/xvm/block/executor.TestBlockAccept.func6(0xc0002c3340?)
	/home/z/work/lux/node/vms/xvm/block/executor/block_test.go:783 +0x71
testing.tRunner(0xc0002c3340, 0xc0002d7410)
	/usr/local/go/src/testing/testing.go:1792 +0xf4
created by testing.(*T).Run in goroutine 24
	/usr/local/go/src/testing/testing.go:1851 +0x413
FAIL	github.com/luxfi/node/vms/xvm/block/executor	0.015s
?   	github.com/luxfi/node/vms/xvm/config	[no test files]
?   	github.com/luxfi/node/vms/xvm/fxs	[no test files]
?   	github.com/luxfi/node/vms/xvm/metrics	[no test files]
FAIL	github.com/luxfi/node/vms/xvm/network [build failed]
FAIL	github.com/luxfi/node/vms/xvm/state [build failed]
--- FAIL: TestBaseTxSerialization (0.00s)
    base_tx_test.go:137: 
        	Error Trace:	/home/z/work/lux/node/vms/xvm/txs/base_tx_test.go:137
        	Error:      	Not equal: 
        	            	expected: "zeqT8FTnRAxes7QQQYkaWhNkHavd9d6aCdH8TQu2Mx5KEydEz"
        	            	actual  : "28f9BswnotzWBpsXKeubSZW8xz32snhyyQ6ac89oz7seExtAs5"
        	            	
        	            	Diff:
        	            	--- Expected
        	            	+++ Actual
        	            	@@ -1 +1 @@
        	            	-zeqT8FTnRAxes7QQQYkaWhNkHavd9d6aCdH8TQu2Mx5KEydEz
        	            	+28f9BswnotzWBpsXKeubSZW8xz32snhyyQ6ac89oz7seExtAs5
        	Test:       	TestBaseTxSerialization
--- FAIL: TestCreateAssetTxSerializationAgain (0.00s)
    create_asset_tx_test.go:377: 
        	Error Trace:	/home/z/work/lux/node/vms/xvm/txs/create_asset_tx_test.go:377
        	Error:      	Not equal: 
        	            	expected: []byte{0x0, 0x0, 0x0, 0x0, 0x0, 0x1, 0x0, 0x0, 0x0, 0xa, 0x5, 0x4, 0x3, 0x2, 0x1, 0x0, 0x0, 0x0, 0x0, 0x0, 0x0, 0x0, 0x0, 0x0, 0x0, 0x0, 0x0, 0x0, 0x0, 0x0, 0x0, 0x0, 0x0, 0x0, 0x0, 0x0, 0x0, 0x0, 0x0, 0x0, 0x0, 0x0, 0x0, 0x0, 0x0, 0x3, 0x1, 0x2, 0x3, 0x0, 0x0, 0x0, 0x0, 0x0, 0x0, 0x0, 0x0, 0x0, 0x0, 0x0, 0x0, 0x0, 0x0, 0x0, 0x0, 0x0, 0x0, 0x0, 0x0, 0x0, 0x0, 0x0, 0x0, 0x0, 0x0, 0x0, 0x0, 0x0, 0x0, 0x0, 0x0, 0x7, 0x0, 0x0, 0x12, 0x30, 0x9c, 0xe5, 0x40, 0x0, 0x0, 0x0, 0x0, 0x0, 0x0, 0x0, 0x0, 0x0, 0x0, 0x0, 0x0, 0x1, 0x0, 0x0, 0x0, 0x1, 0xfc, 0xed, 0xa8, 0xf9, 0xf, 0xcb, 0x5d, 0x30, 0x61, 0x4b, 0x99, 0xd7, 0x9f, 0xc4, 0xba, 0xa2, 0x93, 0x7, 0x76, 0x26, 0x1, 0x2, 0x3, 0x0, 0x0, 0x0, 0x0, 0x0, 0x0, 0x0, 0x0, 0x0, 0x0, 0x0, 0x0, 0x0, 0x0, 0x0, 0x0, 0x0, 0x0, 0x0, 0x0, 0x0, 0x0, 0x0, 0x0, 0x0, 0x0, 0x0, 0x0, 0x0, 0x0, 0x0, 0x0, 0x7, 0x0, 0x0, 0x12, 0x30, 0x9c, 0xe5, 0x40, 0x0, 0x0, 0x0, 0x0, 0x0, 0x0, 0x0, 0x0, 0x0, 0x0, 0x0, 0x0, 0x1, 0x0, 0x0, 0x0, 0x1, 0x6e, 0xad, 0x69, 0x3c, 0x17, 0xab, 0xb1, 0xbe, 0x42, 0x2b, 0xb5, 0xb, 0x30, 0xb9, 0x71, 0x1f, 0xf9, 0x8d, 0x66, 0x7e, 0x1, 0x2, 0x3, 0x0, 0x0, 0x0, 0x0, 0x0, 0x0, 0x0, 0x0, 0x0, 0x0, 0x0, 0x0, 0x0, 0x0, 0x0, 0x0, 0x0, 0x0, 0x0, 0x0, 0x0, 0x0, 0x0, 0x0, 0x0, 0x0, 0x0, 0x0, 0x0, 0x0, 0x0, 0x0, 0x7, 0x0, 0x0, 0x12, 0x30, 0x9c, 0xe5, 0x40, 0x0, 0x0, 0x0, 0x0, 0x0, 0x0, 0x0, 0x0, 0x0, 0x0, 0x0, 0x0, 0x1, 0x0, 0x0, 0x0, 0x1, 0xf2, 0x42, 0x8, 0x46, 0x87, 0x6e, 0x69, 0xf4, 0x73, 0xdd, 0xa2, 0x56, 0x17, 0x29, 0x67, 0xe9, 0x92, 0xf0, 0xee, 0x31, 0x0, 0x0, 0x0, 0x0, 0x0, 0x0, 0x0, 0x4, 0x0, 0x1, 0x2, 0x3, 0x0, 0x4, 0x6e, 0x61, 0x6d, 0x65, 0x0, 0x4, 0x73, 0x79, 0x6d, 0x62, 0x0, 0x0, 0x0, 0x0, 0x1, 0x0, 0x0, 0x0, 0x0, 0x0, 0x0, 0x0, 0x1, 0x0, 0x0, 0x0, 0x6, 0x0, 0x0, 0x0, 0x0, 0x0, 0x0, 0x0, 0x0, 0x0, 0x0, 0x0, 0x1, 0x0, 0x0, 0x0, 0x1, 0xfc, 0xed, 0xa8, 0xf9, 0xf, 0xcb, 0x5d, 0x30, 0x61, 0x4b, 0x99, 0xd7, 0x9f, 0xc4, 0xba, 0xa2, 0x93, 0x7, 0x76, 0x26, 0x0, 0x0, 0x0, 0x0}
        	            	actual  : []byte{0x0, 0x0, 0x0, 0x0, 0x0, 0x1, 0x0, 0x0, 0x1, 0x71, 0x5, 0x4, 0x3, 0x2, 0x1, 0x0, 0x0, 0x0, 0x0, 0x0, 0x0, 0x0, 0x0, 0x0, 0x0, 0x0, 0x0, 0x0, 0x0, 0x0, 0x0, 0x0, 0x0, 0x0, 0x0, 0x0, 0x0, 0x0, 0x0, 0x0, 0x0, 0x0, 0x0, 0x0, 0x0, 0x3, 0x1, 0x2, 0x3, 0x0, 0x0, 0x0, 0x0, 0x0, 0x0, 0x0, 0x0, 0x0, 0x0, 0x0, 0x0, 0x0, 0x0, 0x0, 0x0, 0x0, 0x0, 0x0, 0x0, 0x0, 0x0, 0x0, 0x0, 0x0, 0x0, 0x0, 0x0, 0x0, 0x0, 0x0, 0x0, 0x7, 0x0, 0x0, 0x12, 0x30, 0x9c, 0xe5, 0x40, 0x0, 0x0, 0x0, 0x0, 0x0, 0x0, 0x0, 0x0, 0x0, 0x0, 0x0, 0x0, 0x1, 0x0, 0x0, 0x0, 0x1, 0xfc, 0xed, 0xa8, 0xf9, 0xf, 0xcb, 0x5d, 0x30, 0x61, 0x4b, 0x99, 0xd7, 0x9f, 0xc4, 0xba, 0xa2, 0x93, 0x7, 0x76, 0x26, 0x1, 0x2, 0x3, 0x0, 0x0, 0x0, 0x0, 0x0, 0x0, 0x0, 0x0, 0x0, 0x0, 0x0, 0x0, 0x0, 0x0, 0x0, 0x0, 0x0, 0x0, 0x0, 0x0, 0x0, 0x0, 0x0, 0x0, 0x0, 0x0, 0x0, 0x0, 0x0, 0x0, 0x0, 0x0, 0x7, 0x0, 0x0, 0x12, 0x30, 0x9c, 0xe5, 0x40, 0x0, 0x0, 0x0, 0x0, 0x0, 0x0, 0x0, 0x0, 0x0, 0x0, 0x0, 0x0, 0x1, 0x0, 0x0, 0x0, 0x1, 0x6e, 0xad, 0x69, 0x3c, 0x17, 0xab, 0xb1, 0xbe, 0x42, 0x2b, 0xb5, 0xb, 0x30, 0xb9, 0x71, 0x1f, 0xf9, 0x8d, 0x66, 0x7e, 0x1, 0x2, 0x3, 0x0, 0x0, 0x0, 0x0, 0x0, 0x0, 0x0, 0x0, 0x0, 0x0, 0x0, 0x0, 0x0, 0x0, 0x0, 0x0, 0x0, 0x0, 0x0, 0x0, 0x0, 0x0, 0x0, 0x0, 0x0, 0x0, 0x0, 0x0, 0x0, 0x0, 0x0, 0x0, 0x7, 0x0, 0x0, 0x12, 0x30, 0x9c, 0xe5, 0x40, 0x0, 0x0, 0x0, 0x0, 0x0, 0x0, 0x0, 0x0, 0x0, 0x0, 0x0, 0x0, 0x1, 0x0, 0x0, 0x0, 0x1, 0xf2, 0x42, 0x8, 0x46, 0x87, 0x6e, 0x69, 0xf4, 0x73, 0xdd, 0xa2, 0x56, 0x17, 0x29, 0x67, 0xe9, 0x92, 0xf0, 0xee, 0x31, 0x0, 0x0, 0x0, 0x0, 0x0, 0x0, 0x0, 0x4, 0x0, 0x1, 0x2, 0x3, 0x0, 0x4, 0x6e, 0x61, 0x6d, 0x65, 0x0, 0x4, 0x73, 0x79, 0x6d, 0x62, 0x0, 0x0, 0x0, 0x0, 0x1, 0x0, 0x0, 0x0, 0x0, 0x0, 0x0, 0x0, 0x1, 0x0, 0x0, 0x0, 0x6, 0x0, 0x0, 0x0, 0x0, 0x0, 0x0, 0x0, 0x0, 0x0, 0x0, 0x0, 0x1, 0x0, 0x0, 0x0, 0x1, 0xfc, 0xed, 0xa8, 0xf9, 0xf, 0xcb, 0x5d, 0x30, 0x61, 0x4b, 0x99, 0xd7, 0x9f, 0xc4, 0xba, 0xa2, 0x93, 0x7, 0x76, 0x26, 0x0, 0x0, 0x0, 0x0}
        	            	
        	            	Diff:
        	            	--- Expected
        	            	+++ Actual
        	            	@@ -1,3 +1,3 @@
        	            	 ([]uint8) (len=367) {
        	            	- 00000000  00 00 00 00 00 01 00 00  00 0a 05 04 03 02 01 00  |................|
        	            	+ 00000000  00 00 00 00 00 01 00 00  01 71 05 04 03 02 01 00  |.........q......|
        	            	  00000010  00 00 00 00 00 00 00 00  00 00 00 00 00 00 00 00  |................|
        	Test:       	TestCreateAssetTxSerializationAgain
FAIL
FAIL	github.com/luxfi/node/vms/xvm/txs	0.013s
FAIL	github.com/luxfi/node/vms/xvm/txs/executor [build failed]
FAIL	github.com/luxfi/node/vms/xvm/txs/mempool [build failed]
?   	github.com/luxfi/node/vms/xvm/txs/txstest	[no test files]
?   	github.com/luxfi/node/vms/xvm/utxo	[no test files]
?   	github.com/luxfi/node/wallet	[no test files]
?   	github.com/luxfi/node/wallet/chain/c	[no test files]
?   	github.com/luxfi/node/wallet/chain/p	[no test files]
?   	github.com/luxfi/node/wallet/chain/p/builder	[no test files]
?   	github.com/luxfi/node/wallet/chain/p/signer	[no test files]
?   	github.com/luxfi/node/wallet/chain/x	[no test files]
?   	github.com/luxfi/node/wallet/chain/x/builder	[no test files]
?   	github.com/luxfi/node/wallet/chain/x/signer	[no test files]
ok  	github.com/luxfi/node/wallet/subnet/primary	0.113s [no tests to run]
?   	github.com/luxfi/node/wallet/subnet/primary/common	[no test files]
?   	github.com/luxfi/node/wallet/subnet/primary/examples/add-permissioned-subnet-validator	[no test files]
?   	github.com/luxfi/node/wallet/subnet/primary/examples/add-primary-validator	[no test files]
?   	github.com/luxfi/node/wallet/subnet/primary/examples/c-chain-export	[no test files]
?   	github.com/luxfi/node/wallet/subnet/primary/examples/c-chain-import	[no test files]
?   	github.com/luxfi/node/wallet/subnet/primary/examples/create-asset	[no test files]
?   	github.com/luxfi/node/wallet/subnet/primary/examples/create-chain	[no test files]
?   	github.com/luxfi/node/wallet/subnet/primary/examples/create-locked-stakeable	[no test files]
?   	github.com/luxfi/node/wallet/subnet/primary/examples/create-subnet	[no test files]
?   	github.com/luxfi/node/wallet/subnet/primary/examples/get-p-chain-balance	[no test files]
?   	github.com/luxfi/node/wallet/subnet/primary/examples/get-x-chain-balance	[no test files]
?   	github.com/luxfi/node/wallet/subnet/primary/examples/remove-subnet-validator	[no test files]
ok  	github.com/luxfi/node/x/archivedb	0.086s
ok  	github.com/luxfi/node/x/merkledb	0.022s
FAIL	github.com/luxfi/node/x/sync [build failed]
?   	github.com/luxfi/node/x/sync/g_db	[no test files]
FAIL
